2019-03-04 22:30:35,913 - __main__ - INFO - ++++++++++++++++++++++++++++++++++++++++
2019-03-04 22:30:35,914 - __main__ - INFO - running pandas v0.23.4
2019-03-04 22:30:35,915 - __main__ - INFO - running sounddevice v0.3.12
2019-03-04 22:30:35,915 - __main__ - INFO - ++++++++++++++++++++++++++++++++++++++++
2019-03-04 22:30:35,917 - __main__ - INFO - running in directory /usr/local/src/sat_station
2019-03-04 22:30:35,919 - __main__ - WARNING - couldn't find TLE_dir (/usr/local/etc/TLE). Defaulting to /usr/local/src/sat_station 
2019-03-04 22:30:35,920 - __main__ - WARNING - couldn't find TLE_dir (/usr/local/src/sat_station). Defaulting to ./log 
2019-03-04 22:30:36,012 - __main__ - INFO - FUNcube Dongle fw v.[70, 67, 68, 65, 80, 80, 32, 50, 48, 46, 48, 51, 32]
2019-03-04 22:30:36,013 - __main__ - INFO - found FUNcube Dongle V2.0 (sounddevice:0)
2019-03-04 22:30:36,112 - __main__ - INFO - sdiskusage(total=62811418624, used=6960934912, free=53265559552, percent=11.6)
2019-03-04 22:30:36,114 - __main__ - INFO - svmem(total=1024184320, available=889520128, percent=13.1, used=75264000, free=796393472, active=101429248, inactive=93753344, buffers=17809408, cached=134717440, shared=6991872, slab=18907136)
2019-03-04 22:30:36,114 - __main__ - INFO - reading TLE data from /usr/local/etc/TLE UTC
2019-03-04 22:30:36,416 - __main__ - INFO - now time is 2019-03-04 22:30:36.416000+00:00 UTC
2019-03-04 22:30:36,435 - __main__ - INFO - looking for NOAA 18 [B] passes
2019-03-04 22:30:59,588 - __main__ - INFO - looking for NOAA 15 [B] passes
2019-03-04 22:31:04,572 - __main__ - INFO - looking for NOAA 9 [P] passes
2019-03-04 22:31:09,588 - __main__ - INFO - next pass is of NOAA 18 [B] starting at UTC 2019-03-04 22:50:46.416000+00:00 lasting 440 seconds
2019-03-04 22:31:09,593 - __main__ - INFO - waiting until 2019-03-04 22:50:46.416000+00:00
2019-03-04 22:50:46,416 - __main__ - INFO - starting recording at 2019-03-04 22:50:46.416000+00:00
2019-03-04 22:50:46,420 - __main__ - INFO - recording pass of NOAA 18 [B] starting @ 2019-03-04 22:50:46.416000+00:00
2019-03-04 22:50:46,423 - __main__ - INFO - satellite pass duration: 440 seconds
2019-03-04 22:50:46,425 - __main__ - INFO - maximum elevation: 3.1634110635533443 degrees
2019-03-04 22:50:46,427 - __main__ - INFO - f0: 137000.0 kHz
2019-03-04 22:50:46,543 - __main__ - INFO - doppler step at 2019-03-04 22:50:46.416000+00:00: 137001327.0 Hz
2019-03-04 22:50:56,785 - __main__ - INFO - doppler step at 2019-03-04 22:50:56.416000+00:00: 137001282.0 Hz
2019-03-04 22:51:07,027 - __main__ - INFO - doppler step at 2019-03-04 22:51:06.416000+00:00: 137001236.0 Hz
2019-03-04 22:51:17,268 - __main__ - INFO - doppler step at 2019-03-04 22:51:16.416000+00:00: 137001188.0 Hz
2019-03-04 22:51:26,422 - __main__ - INFO - doppler step at 2019-03-04 22:51:26.416000+00:00: 137001139.0 Hz
2019-03-04 22:51:36,663 - __main__ - INFO - doppler step at 2019-03-04 22:51:36.416000+00:00: 137001089.0 Hz
2019-03-04 22:51:46,905 - __main__ - INFO - doppler step at 2019-03-04 22:51:46.416000+00:00: 137001038.0 Hz
2019-03-04 22:51:57,147 - __main__ - INFO - doppler step at 2019-03-04 22:51:56.416000+00:00: 137000986.0 Hz
2019-03-04 22:52:07,389 - __main__ - INFO - doppler step at 2019-03-04 22:52:06.416000+00:00: 137000932.0 Hz
2019-03-04 22:52:16,421 - __main__ - INFO - doppler step at 2019-03-04 22:52:16.416000+00:00: 137000878.0 Hz
2019-03-04 22:52:26,662 - __main__ - INFO - doppler step at 2019-03-04 22:52:26.416000+00:00: 137000822.0 Hz
2019-03-04 22:52:36,904 - __main__ - INFO - doppler step at 2019-03-04 22:52:36.416000+00:00: 137000766.0 Hz
2019-03-04 22:52:47,146 - __main__ - INFO - doppler step at 2019-03-04 22:52:46.416000+00:00: 137000708.0 Hz
2019-03-04 22:52:57,388 - __main__ - INFO - doppler step at 2019-03-04 22:52:56.416000+00:00: 137000650.0 Hz
2019-03-04 22:53:06,421 - __main__ - INFO - doppler step at 2019-03-04 22:53:06.416000+00:00: 137000591.0 Hz
2019-03-04 22:53:16,663 - __main__ - INFO - doppler step at 2019-03-04 22:53:16.416000+00:00: 137000530.0 Hz
2019-03-04 22:53:26,905 - __main__ - INFO - doppler step at 2019-03-04 22:53:26.416000+00:00: 137000470.0 Hz
2019-03-04 22:53:37,147 - __main__ - INFO - doppler step at 2019-03-04 22:53:36.416000+00:00: 137000408.0 Hz
2019-03-04 22:53:47,388 - __main__ - INFO - doppler step at 2019-03-04 22:53:46.416000+00:00: 137000346.0 Hz
2019-03-04 22:53:56,420 - __main__ - INFO - doppler step at 2019-03-04 22:53:56.416000+00:00: 137000284.0 Hz
2019-03-04 22:54:06,662 - __main__ - INFO - doppler step at 2019-03-04 22:54:06.416000+00:00: 137000221.0 Hz
2019-03-04 22:54:16,904 - __main__ - INFO - doppler step at 2019-03-04 22:54:16.416000+00:00: 137000158.0 Hz
2019-03-04 22:54:27,146 - __main__ - INFO - doppler step at 2019-03-04 22:54:26.416000+00:00: 137000095.0 Hz
2019-03-04 22:54:37,388 - __main__ - INFO - doppler step at 2019-03-04 22:54:36.416000+00:00: 137000032.0 Hz
2019-03-04 22:54:46,421 - __main__ - INFO - doppler step at 2019-03-04 22:54:46.416000+00:00: 136999968.0 Hz
2019-03-04 22:54:56,662 - __main__ - INFO - doppler step at 2019-03-04 22:54:56.416000+00:00: 136999905.0 Hz
2019-03-04 22:55:06,904 - __main__ - INFO - doppler step at 2019-03-04 22:55:06.416000+00:00: 136999842.0 Hz
2019-03-04 22:55:17,147 - __main__ - INFO - doppler step at 2019-03-04 22:55:16.416000+00:00: 136999779.0 Hz
2019-03-04 22:55:27,388 - __main__ - INFO - doppler step at 2019-03-04 22:55:26.416000+00:00: 136999716.0 Hz
2019-03-04 22:55:36,421 - __main__ - INFO - doppler step at 2019-03-04 22:55:36.416000+00:00: 136999654.0 Hz
2019-03-04 22:55:46,663 - __main__ - INFO - doppler step at 2019-03-04 22:55:46.416000+00:00: 136999593.0 Hz
2019-03-04 22:55:56,905 - __main__ - INFO - doppler step at 2019-03-04 22:55:56.416000+00:00: 136999532.0 Hz
2019-03-04 22:56:07,147 - __main__ - INFO - doppler step at 2019-03-04 22:56:06.416000+00:00: 136999471.0 Hz
2019-03-04 22:56:17,389 - __main__ - INFO - doppler step at 2019-03-04 22:56:16.416000+00:00: 136999412.0 Hz
2019-03-04 22:56:26,421 - __main__ - INFO - doppler step at 2019-03-04 22:56:26.416000+00:00: 136999353.0 Hz
2019-03-04 22:56:36,662 - __main__ - INFO - doppler step at 2019-03-04 22:56:36.416000+00:00: 136999295.0 Hz
2019-03-04 22:56:46,904 - __main__ - INFO - doppler step at 2019-03-04 22:56:46.416000+00:00: 136999238.0 Hz
2019-03-04 22:56:57,147 - __main__ - INFO - doppler step at 2019-03-04 22:56:56.416000+00:00: 136999182.0 Hz
2019-03-04 22:57:07,388 - __main__ - INFO - doppler step at 2019-03-04 22:57:06.416000+00:00: 136999127.0 Hz
2019-03-04 22:57:16,421 - __main__ - INFO - doppler step at 2019-03-04 22:57:16.416000+00:00: 136999073.0 Hz
2019-03-04 22:57:26,663 - __main__ - INFO - doppler step at 2019-03-04 22:57:26.416000+00:00: 136999021.0 Hz
2019-03-04 22:57:36,905 - __main__ - INFO - doppler step at 2019-03-04 22:57:36.416000+00:00: 136998969.0 Hz
2019-03-04 22:57:47,147 - __main__ - INFO - doppler step at 2019-03-04 22:57:46.416000+00:00: 136998919.0 Hz
2019-03-04 22:57:57,389 - __main__ - INFO - doppler step at 2019-03-04 22:57:56.416000+00:00: 136998869.0 Hz
2019-03-04 22:58:06,422 - __main__ - INFO - doppler step at 2019-03-04 22:58:06.416000+00:00: 136998821.0 Hz
2019-03-04 22:58:06,422 - __main__ - INFO - finished recording /usr/smbshare/satstation_recs/NOAA_18_20190304_223109.wav
2019-03-04 22:58:07,618 - __main__ - INFO - svmem(total=1024184320, available=881278976, percent=14.0, used=80605184, free=444129280, active=108126208, inactive=432762880, buffers=18964480, cached=480485376, shared=6975488, slab=25632768)
2019-03-04 22:58:07,619 - __main__ - INFO - reading TLE data from /usr/local/etc/TLE UTC
2019-03-04 22:58:07,934 - __main__ - INFO - now time is 2019-03-04 22:58:07.934000+00:00 UTC
2019-03-04 22:58:07,946 - __main__ - INFO - looking for NOAA 18 [B] passes
2019-03-04 22:58:32,141 - __main__ - INFO - looking for NOAA 15 [B] passes
2019-03-04 22:58:37,435 - __main__ - INFO - looking for NOAA 9 [P] passes
2019-03-04 22:58:42,807 - __main__ - INFO - next pass is of NOAA 9 [P] starting at UTC 2019-03-05 00:43:17.934000+00:00 lasting 670 seconds
2019-03-04 22:58:42,812 - __main__ - INFO - waiting until 2019-03-05 00:43:17.934000+00:00
2019-03-05 00:43:17,934 - __main__ - INFO - starting recording at 2019-03-05 00:43:17.934000+00:00
2019-03-05 00:43:17,938 - __main__ - INFO - recording pass of NOAA 9 [P] starting @ 2019-03-05 00:43:17.934000+00:00
2019-03-05 00:43:17,941 - __main__ - INFO - satellite pass duration: 670 seconds
2019-03-05 00:43:17,943 - __main__ - INFO - maximum elevation: 9.142661442439838 degrees
2019-03-05 00:43:17,945 - __main__ - INFO - f0: 136770.0 kHz
2019-03-05 00:43:18,313 - __main__ - INFO - doppler step at 2019-03-05 00:43:17.934000+00:00: 136772016.0 Hz
2019-03-05 00:43:28,553 - __main__ - INFO - doppler step at 2019-03-05 00:43:27.934000+00:00: 136771987.0 Hz
2019-03-05 00:43:38,794 - __main__ - INFO - doppler step at 2019-03-05 00:43:37.934000+00:00: 136771956.0 Hz
2019-03-05 00:43:47,939 - __main__ - INFO - doppler step at 2019-03-05 00:43:47.934000+00:00: 136771924.0 Hz
2019-03-05 00:43:58,180 - __main__ - INFO - doppler step at 2019-03-05 00:43:57.934000+00:00: 136771890.0 Hz
2019-03-05 00:44:08,421 - __main__ - INFO - doppler step at 2019-03-05 00:44:07.934000+00:00: 136771855.0 Hz
2019-03-05 00:44:18,662 - __main__ - INFO - doppler step at 2019-03-05 00:44:17.934000+00:00: 136771818.0 Hz
2019-03-05 00:44:28,903 - __main__ - INFO - doppler step at 2019-03-05 00:44:27.934000+00:00: 136771780.0 Hz
2019-03-05 00:44:37,939 - __main__ - INFO - doppler step at 2019-03-05 00:44:37.934000+00:00: 136771740.0 Hz
2019-03-05 00:44:48,180 - __main__ - INFO - doppler step at 2019-03-05 00:44:47.934000+00:00: 136771698.0 Hz
2019-03-05 00:44:58,421 - __main__ - INFO - doppler step at 2019-03-05 00:44:57.934000+00:00: 136771655.0 Hz
2019-03-05 00:45:08,662 - __main__ - INFO - doppler step at 2019-03-05 00:45:07.934000+00:00: 136771609.0 Hz
2019-03-05 00:45:18,903 - __main__ - INFO - doppler step at 2019-03-05 00:45:17.934000+00:00: 136771562.0 Hz
2019-03-05 00:45:27,938 - __main__ - INFO - doppler step at 2019-03-05 00:45:27.934000+00:00: 136771513.0 Hz
2019-03-05 00:45:38,179 - __main__ - INFO - doppler step at 2019-03-05 00:45:37.934000+00:00: 136771463.0 Hz
2019-03-05 00:45:48,421 - __main__ - INFO - doppler step at 2019-03-05 00:45:47.934000+00:00: 136771410.0 Hz
2019-03-05 00:45:58,662 - __main__ - INFO - doppler step at 2019-03-05 00:45:57.934000+00:00: 136771356.0 Hz
2019-03-05 00:46:08,903 - __main__ - INFO - doppler step at 2019-03-05 00:46:07.934000+00:00: 136771299.0 Hz
2019-03-05 00:46:17,939 - __main__ - INFO - doppler step at 2019-03-05 00:46:17.934000+00:00: 136771241.0 Hz
2019-03-05 00:46:28,180 - __main__ - INFO - doppler step at 2019-03-05 00:46:27.934000+00:00: 136771181.0 Hz
2019-03-05 00:46:38,421 - __main__ - INFO - doppler step at 2019-03-05 00:46:37.934000+00:00: 136771119.0 Hz
2019-03-05 00:46:48,662 - __main__ - INFO - doppler step at 2019-03-05 00:46:47.934000+00:00: 136771055.0 Hz
2019-03-05 00:46:58,903 - __main__ - INFO - doppler step at 2019-03-05 00:46:57.934000+00:00: 136770989.0 Hz
2019-03-05 00:47:07,939 - __main__ - INFO - doppler step at 2019-03-05 00:47:07.934000+00:00: 136770922.0 Hz
2019-03-05 00:47:18,180 - __main__ - INFO - doppler step at 2019-03-05 00:47:17.934000+00:00: 136770852.0 Hz
2019-03-05 00:47:28,421 - __main__ - INFO - doppler step at 2019-03-05 00:47:27.934000+00:00: 136770782.0 Hz
2019-03-05 00:47:38,662 - __main__ - INFO - doppler step at 2019-03-05 00:47:37.934000+00:00: 136770710.0 Hz
2019-03-05 00:47:48,903 - __main__ - INFO - doppler step at 2019-03-05 00:47:47.934000+00:00: 136770636.0 Hz
2019-03-05 00:47:57,938 - __main__ - INFO - doppler step at 2019-03-05 00:47:57.934000+00:00: 136770561.0 Hz
2019-03-05 00:48:08,180 - __main__ - INFO - doppler step at 2019-03-05 00:48:07.934000+00:00: 136770485.0 Hz
2019-03-05 00:48:18,421 - __main__ - INFO - doppler step at 2019-03-05 00:48:17.934000+00:00: 136770408.0 Hz
2019-03-05 00:48:28,663 - __main__ - INFO - doppler step at 2019-03-05 00:48:27.934000+00:00: 136770330.0 Hz
2019-03-05 00:48:38,903 - __main__ - INFO - doppler step at 2019-03-05 00:48:37.934000+00:00: 136770252.0 Hz
2019-03-05 00:48:47,939 - __main__ - INFO - doppler step at 2019-03-05 00:48:47.934000+00:00: 136770172.0 Hz
2019-03-05 00:48:58,180 - __main__ - INFO - doppler step at 2019-03-05 00:48:57.934000+00:00: 136770093.0 Hz
2019-03-05 00:49:08,422 - __main__ - INFO - doppler step at 2019-03-05 00:49:07.934000+00:00: 136770013.0 Hz
2019-03-05 00:49:18,663 - __main__ - INFO - doppler step at 2019-03-05 00:49:17.934000+00:00: 136769933.0 Hz
2019-03-05 00:49:28,903 - __main__ - INFO - doppler step at 2019-03-05 00:49:27.934000+00:00: 136769853.0 Hz
2019-03-05 00:49:37,939 - __main__ - INFO - doppler step at 2019-03-05 00:49:37.934000+00:00: 136769774.0 Hz
2019-03-05 00:49:48,180 - __main__ - INFO - doppler step at 2019-03-05 00:49:47.934000+00:00: 136769695.0 Hz
2019-03-05 00:49:58,422 - __main__ - INFO - doppler step at 2019-03-05 00:49:57.934000+00:00: 136769617.0 Hz
2019-03-05 00:50:08,663 - __main__ - INFO - doppler step at 2019-03-05 00:50:07.934000+00:00: 136769539.0 Hz
2019-03-05 00:50:18,903 - __main__ - INFO - doppler step at 2019-03-05 00:50:17.934000+00:00: 136769462.0 Hz
2019-03-05 00:50:27,940 - __main__ - INFO - doppler step at 2019-03-05 00:50:27.934000+00:00: 136769387.0 Hz
2019-03-05 00:50:38,181 - __main__ - INFO - doppler step at 2019-03-05 00:50:37.934000+00:00: 136769312.0 Hz
2019-03-05 00:50:48,422 - __main__ - INFO - doppler step at 2019-03-05 00:50:47.934000+00:00: 136769239.0 Hz
2019-03-05 00:50:58,663 - __main__ - INFO - doppler step at 2019-03-05 00:50:57.934000+00:00: 136769167.0 Hz
2019-03-05 00:51:08,904 - __main__ - INFO - doppler step at 2019-03-05 00:51:07.934000+00:00: 136769097.0 Hz
2019-03-05 00:51:17,938 - __main__ - INFO - doppler step at 2019-03-05 00:51:17.934000+00:00: 136769029.0 Hz
2019-03-05 00:51:28,179 - __main__ - INFO - doppler step at 2019-03-05 00:51:27.934000+00:00: 136768962.0 Hz
2019-03-05 00:51:38,421 - __main__ - INFO - doppler step at 2019-03-05 00:51:37.934000+00:00: 136768897.0 Hz
2019-03-05 00:51:48,662 - __main__ - INFO - doppler step at 2019-03-05 00:51:47.934000+00:00: 136768833.0 Hz
2019-03-05 00:51:58,903 - __main__ - INFO - doppler step at 2019-03-05 00:51:57.934000+00:00: 136768772.0 Hz
2019-03-05 00:52:07,939 - __main__ - INFO - doppler step at 2019-03-05 00:52:07.934000+00:00: 136768712.0 Hz
2019-03-05 00:52:18,180 - __main__ - INFO - doppler step at 2019-03-05 00:52:17.934000+00:00: 136768654.0 Hz
2019-03-05 00:52:28,421 - __main__ - INFO - doppler step at 2019-03-05 00:52:27.934000+00:00: 136768598.0 Hz
2019-03-05 00:52:38,662 - __main__ - INFO - doppler step at 2019-03-05 00:52:37.934000+00:00: 136768544.0 Hz
2019-03-05 00:52:48,903 - __main__ - INFO - doppler step at 2019-03-05 00:52:47.934000+00:00: 136768492.0 Hz
2019-03-05 00:52:57,939 - __main__ - INFO - doppler step at 2019-03-05 00:52:57.934000+00:00: 136768442.0 Hz
2019-03-05 00:53:08,180 - __main__ - INFO - doppler step at 2019-03-05 00:53:07.934000+00:00: 136768394.0 Hz
2019-03-05 00:53:18,420 - __main__ - INFO - doppler step at 2019-03-05 00:53:17.934000+00:00: 136768347.0 Hz
2019-03-05 00:53:28,662 - __main__ - INFO - doppler step at 2019-03-05 00:53:27.934000+00:00: 136768302.0 Hz
2019-03-05 00:53:38,903 - __main__ - INFO - doppler step at 2019-03-05 00:53:37.934000+00:00: 136768259.0 Hz
2019-03-05 00:53:47,939 - __main__ - INFO - doppler step at 2019-03-05 00:53:47.934000+00:00: 136768218.0 Hz
2019-03-05 00:53:58,180 - __main__ - INFO - doppler step at 2019-03-05 00:53:57.934000+00:00: 136768178.0 Hz
2019-03-05 00:54:08,421 - __main__ - INFO - doppler step at 2019-03-05 00:54:07.934000+00:00: 136768140.0 Hz
2019-03-05 00:54:18,663 - __main__ - INFO - doppler step at 2019-03-05 00:54:17.934000+00:00: 136768103.0 Hz
2019-03-05 00:54:28,903 - __main__ - INFO - doppler step at 2019-03-05 00:54:27.934000+00:00: 136768068.0 Hz
2019-03-05 00:54:28,905 - __main__ - INFO - finished recording /usr/smbshare/satstation_recs/NOAA_9_20190304_225842.wav
2019-03-05 00:54:30,032 - __main__ - INFO - svmem(total=1024184320, available=874823680, percent=14.6, used=83873792, free=118665216, active=97300480, inactive=762523648, buffers=20406272, cached=801239040, shared=6975488, slab=32362496)
2019-03-05 00:54:30,033 - __main__ - INFO - reading TLE data from /usr/local/etc/TLE UTC
2019-03-05 00:54:30,334 - __main__ - INFO - now time is 2019-03-05 00:54:30.334000+00:00 UTC
2019-03-05 00:54:30,345 - __main__ - INFO - looking for NOAA 18 [B] passes
2019-03-05 00:54:54,467 - __main__ - INFO - looking for NOAA 15 [B] passes
2019-03-05 00:54:59,778 - __main__ - INFO - looking for NOAA 9 [P] passes
2019-03-05 00:55:05,136 - __main__ - INFO - next pass is of NOAA 9 [P] starting at UTC 2019-03-05 02:23:00.334000+00:00 lasting 920 seconds
2019-03-05 00:55:05,140 - __main__ - INFO - waiting until 2019-03-05 02:23:00.334000+00:00
2019-03-05 02:23:00,334 - __main__ - INFO - starting recording at 2019-03-05 02:23:00.334000+00:00
2019-03-05 02:23:00,337 - __main__ - INFO - recording pass of NOAA 9 [P] starting @ 2019-03-05 02:23:00.334000+00:00
2019-03-05 02:23:00,341 - __main__ - INFO - satellite pass duration: 920 seconds
2019-03-05 02:23:00,343 - __main__ - INFO - maximum elevation: 46.56735314380745 degrees
2019-03-05 02:23:00,345 - __main__ - INFO - f0: 136770.0 kHz
2019-03-05 02:23:00,478 - __main__ - INFO - doppler step at 2019-03-05 02:23:00.334000+00:00: 136772922.0 Hz
2019-03-05 02:23:10,719 - __main__ - INFO - doppler step at 2019-03-05 02:23:10.334000+00:00: 136772919.0 Hz
2019-03-05 02:23:20,960 - __main__ - INFO - doppler step at 2019-03-05 02:23:20.334000+00:00: 136772917.0 Hz
2019-03-05 02:23:31,202 - __main__ - INFO - doppler step at 2019-03-05 02:23:30.334000+00:00: 136772913.0 Hz
2019-03-05 02:23:40,339 - __main__ - INFO - doppler step at 2019-03-05 02:23:40.334000+00:00: 136772910.0 Hz
2019-03-05 02:23:50,581 - __main__ - INFO - doppler step at 2019-03-05 02:23:50.334000+00:00: 136772905.0 Hz
2019-03-05 02:24:00,822 - __main__ - INFO - doppler step at 2019-03-05 02:24:00.334000+00:00: 136772900.0 Hz
2019-03-05 02:24:11,064 - __main__ - INFO - doppler step at 2019-03-05 02:24:10.334000+00:00: 136772895.0 Hz
2019-03-05 02:24:21,305 - __main__ - INFO - doppler step at 2019-03-05 02:24:20.334000+00:00: 136772888.0 Hz
2019-03-05 02:24:30,339 - __main__ - INFO - doppler step at 2019-03-05 02:24:30.334000+00:00: 136772881.0 Hz
2019-03-05 02:24:40,580 - __main__ - INFO - doppler step at 2019-03-05 02:24:40.334000+00:00: 136772873.0 Hz
2019-03-05 02:24:50,821 - __main__ - INFO - doppler step at 2019-03-05 02:24:50.334000+00:00: 136772865.0 Hz
2019-03-05 02:25:01,063 - __main__ - INFO - doppler step at 2019-03-05 02:25:00.334000+00:00: 136772855.0 Hz
2019-03-05 02:25:11,304 - __main__ - INFO - doppler step at 2019-03-05 02:25:10.334000+00:00: 136772845.0 Hz
2019-03-05 02:25:20,340 - __main__ - INFO - doppler step at 2019-03-05 02:25:20.334000+00:00: 136772833.0 Hz
2019-03-05 02:25:30,581 - __main__ - INFO - doppler step at 2019-03-05 02:25:30.334000+00:00: 136772820.0 Hz
2019-03-05 02:25:40,822 - __main__ - INFO - doppler step at 2019-03-05 02:25:40.334000+00:00: 136772806.0 Hz
2019-03-05 02:25:51,064 - __main__ - INFO - doppler step at 2019-03-05 02:25:50.334000+00:00: 136772790.0 Hz
2019-03-05 02:26:01,305 - __main__ - INFO - doppler step at 2019-03-05 02:26:00.334000+00:00: 136772773.0 Hz
2019-03-05 02:26:10,339 - __main__ - INFO - doppler step at 2019-03-05 02:26:10.334000+00:00: 136772754.0 Hz
2019-03-05 02:26:20,580 - __main__ - INFO - doppler step at 2019-03-05 02:26:20.334000+00:00: 136772733.0 Hz
2019-03-05 02:26:30,822 - __main__ - INFO - doppler step at 2019-03-05 02:26:30.334000+00:00: 136772711.0 Hz
2019-03-05 02:26:41,063 - __main__ - INFO - doppler step at 2019-03-05 02:26:40.334000+00:00: 136772686.0 Hz
2019-03-05 02:26:51,304 - __main__ - INFO - doppler step at 2019-03-05 02:26:50.334000+00:00: 136772658.0 Hz
2019-03-05 02:27:00,339 - __main__ - INFO - doppler step at 2019-03-05 02:27:00.334000+00:00: 136772628.0 Hz
2019-03-05 02:27:10,580 - __main__ - INFO - doppler step at 2019-03-05 02:27:10.334000+00:00: 136772595.0 Hz
2019-03-05 02:27:20,821 - __main__ - INFO - doppler step at 2019-03-05 02:27:20.334000+00:00: 136772558.0 Hz
2019-03-05 02:27:31,064 - __main__ - INFO - doppler step at 2019-03-05 02:27:30.334000+00:00: 136772518.0 Hz
2019-03-05 02:27:41,304 - __main__ - INFO - doppler step at 2019-03-05 02:27:40.334000+00:00: 136772474.0 Hz
2019-03-05 02:27:50,340 - __main__ - INFO - doppler step at 2019-03-05 02:27:50.334000+00:00: 136772425.0 Hz
2019-03-05 02:28:00,581 - __main__ - INFO - doppler step at 2019-03-05 02:28:00.334000+00:00: 136772371.0 Hz
2019-03-05 02:28:10,822 - __main__ - INFO - doppler step at 2019-03-05 02:28:10.334000+00:00: 136772312.0 Hz
2019-03-05 02:28:21,064 - __main__ - INFO - doppler step at 2019-03-05 02:28:20.334000+00:00: 136772247.0 Hz
2019-03-05 02:28:31,305 - __main__ - INFO - doppler step at 2019-03-05 02:28:30.334000+00:00: 136772175.0 Hz
2019-03-05 02:28:40,339 - __main__ - INFO - doppler step at 2019-03-05 02:28:40.334000+00:00: 136772096.0 Hz
2019-03-05 02:28:50,580 - __main__ - INFO - doppler step at 2019-03-05 02:28:50.334000+00:00: 136772009.0 Hz
2019-03-05 02:29:00,821 - __main__ - INFO - doppler step at 2019-03-05 02:29:00.334000+00:00: 136771914.0 Hz
2019-03-05 02:29:11,063 - __main__ - INFO - doppler step at 2019-03-05 02:29:10.334000+00:00: 136771809.0 Hz
2019-03-05 02:29:21,304 - __main__ - INFO - doppler step at 2019-03-05 02:29:20.334000+00:00: 136771694.0 Hz
2019-03-05 02:29:30,340 - __main__ - INFO - doppler step at 2019-03-05 02:29:30.334000+00:00: 136771570.0 Hz
2019-03-05 02:29:40,581 - __main__ - INFO - doppler step at 2019-03-05 02:29:40.334000+00:00: 136771434.0 Hz
2019-03-05 02:29:50,822 - __main__ - INFO - doppler step at 2019-03-05 02:29:50.334000+00:00: 136771288.0 Hz
2019-03-05 02:30:01,064 - __main__ - INFO - doppler step at 2019-03-05 02:30:00.334000+00:00: 136771132.0 Hz
2019-03-05 02:30:11,305 - __main__ - INFO - doppler step at 2019-03-05 02:30:10.334000+00:00: 136770965.0 Hz
2019-03-05 02:30:20,338 - __main__ - INFO - doppler step at 2019-03-05 02:30:20.334000+00:00: 136770789.0 Hz
2019-03-05 02:30:30,579 - __main__ - INFO - doppler step at 2019-03-05 02:30:30.334000+00:00: 136770605.0 Hz
2019-03-05 02:30:40,821 - __main__ - INFO - doppler step at 2019-03-05 02:30:40.334000+00:00: 136770414.0 Hz
2019-03-05 02:30:51,062 - __main__ - INFO - doppler step at 2019-03-05 02:30:50.334000+00:00: 136770219.0 Hz
2019-03-05 02:31:01,303 - __main__ - INFO - doppler step at 2019-03-05 02:31:00.334000+00:00: 136770021.0 Hz
2019-03-05 02:31:10,339 - __main__ - INFO - doppler step at 2019-03-05 02:31:10.334000+00:00: 136769823.0 Hz
2019-03-05 02:31:20,580 - __main__ - INFO - doppler step at 2019-03-05 02:31:20.334000+00:00: 136769626.0 Hz
2019-03-05 02:31:30,821 - __main__ - INFO - doppler step at 2019-03-05 02:31:30.334000+00:00: 136769434.0 Hz
2019-03-05 02:31:41,063 - __main__ - INFO - doppler step at 2019-03-05 02:31:40.334000+00:00: 136769248.0 Hz
2019-03-05 02:31:51,303 - __main__ - INFO - doppler step at 2019-03-05 02:31:50.334000+00:00: 136769070.0 Hz
2019-03-05 02:32:00,340 - __main__ - INFO - doppler step at 2019-03-05 02:32:00.334000+00:00: 136768901.0 Hz
2019-03-05 02:32:10,581 - __main__ - INFO - doppler step at 2019-03-05 02:32:10.334000+00:00: 136768743.0 Hz
2019-03-05 02:32:20,823 - __main__ - INFO - doppler step at 2019-03-05 02:32:20.334000+00:00: 136768594.0 Hz
2019-03-05 02:32:31,063 - __main__ - INFO - doppler step at 2019-03-05 02:32:30.334000+00:00: 136768456.0 Hz
2019-03-05 02:32:41,305 - __main__ - INFO - doppler step at 2019-03-05 02:32:40.334000+00:00: 136768329.0 Hz
2019-03-05 02:32:50,339 - __main__ - INFO - doppler step at 2019-03-05 02:32:50.334000+00:00: 136768212.0 Hz
2019-03-05 02:33:00,580 - __main__ - INFO - doppler step at 2019-03-05 02:33:00.334000+00:00: 136768105.0 Hz
2019-03-05 02:33:10,821 - __main__ - INFO - doppler step at 2019-03-05 02:33:10.334000+00:00: 136768007.0 Hz
2019-03-05 02:33:21,063 - __main__ - INFO - doppler step at 2019-03-05 02:33:20.334000+00:00: 136767918.0 Hz
2019-03-05 02:33:31,304 - __main__ - INFO - doppler step at 2019-03-05 02:33:30.334000+00:00: 136767837.0 Hz
2019-03-05 02:33:40,340 - __main__ - INFO - doppler step at 2019-03-05 02:33:40.334000+00:00: 136767764.0 Hz
2019-03-05 02:33:50,581 - __main__ - INFO - doppler step at 2019-03-05 02:33:50.334000+00:00: 136767697.0 Hz
2019-03-05 02:34:00,822 - __main__ - INFO - doppler step at 2019-03-05 02:34:00.334000+00:00: 136767636.0 Hz
2019-03-05 02:34:11,064 - __main__ - INFO - doppler step at 2019-03-05 02:34:10.334000+00:00: 136767581.0 Hz
2019-03-05 02:34:21,305 - __main__ - INFO - doppler step at 2019-03-05 02:34:20.334000+00:00: 136767531.0 Hz
2019-03-05 02:34:30,339 - __main__ - INFO - doppler step at 2019-03-05 02:34:30.334000+00:00: 136767485.0 Hz
2019-03-05 02:34:40,580 - __main__ - INFO - doppler step at 2019-03-05 02:34:40.334000+00:00: 136767444.0 Hz
2019-03-05 02:34:50,822 - __main__ - INFO - doppler step at 2019-03-05 02:34:50.334000+00:00: 136767406.0 Hz
2019-03-05 02:35:01,064 - __main__ - INFO - doppler step at 2019-03-05 02:35:00.334000+00:00: 136767372.0 Hz
2019-03-05 02:35:11,305 - __main__ - INFO - doppler step at 2019-03-05 02:35:10.334000+00:00: 136767341.0 Hz
2019-03-05 02:35:20,338 - __main__ - INFO - doppler step at 2019-03-05 02:35:20.334000+00:00: 136767313.0 Hz
2019-03-05 02:35:30,580 - __main__ - INFO - doppler step at 2019-03-05 02:35:30.334000+00:00: 136767287.0 Hz
2019-03-05 02:35:40,821 - __main__ - INFO - doppler step at 2019-03-05 02:35:40.334000+00:00: 136767264.0 Hz
2019-03-05 02:35:51,062 - __main__ - INFO - doppler step at 2019-03-05 02:35:50.334000+00:00: 136767242.0 Hz
2019-03-05 02:36:01,304 - __main__ - INFO - doppler step at 2019-03-05 02:36:00.334000+00:00: 136767223.0 Hz
2019-03-05 02:36:10,339 - __main__ - INFO - doppler step at 2019-03-05 02:36:10.334000+00:00: 136767205.0 Hz
2019-03-05 02:36:20,580 - __main__ - INFO - doppler step at 2019-03-05 02:36:20.334000+00:00: 136767189.0 Hz
2019-03-05 02:36:30,821 - __main__ - INFO - doppler step at 2019-03-05 02:36:30.334000+00:00: 136767174.0 Hz
2019-03-05 02:36:41,063 - __main__ - INFO - doppler step at 2019-03-05 02:36:40.334000+00:00: 136767160.0 Hz
2019-03-05 02:36:51,303 - __main__ - INFO - doppler step at 2019-03-05 02:36:50.334000+00:00: 136767148.0 Hz
2019-03-05 02:37:00,340 - __main__ - INFO - doppler step at 2019-03-05 02:37:00.334000+00:00: 136767137.0 Hz
2019-03-05 02:37:10,581 - __main__ - INFO - doppler step at 2019-03-05 02:37:10.334000+00:00: 136767127.0 Hz
2019-03-05 02:37:20,822 - __main__ - INFO - doppler step at 2019-03-05 02:37:20.334000+00:00: 136767118.0 Hz
2019-03-05 02:37:31,063 - __main__ - INFO - doppler step at 2019-03-05 02:37:30.334000+00:00: 136767110.0 Hz
2019-03-05 02:37:41,304 - __main__ - INFO - doppler step at 2019-03-05 02:37:40.334000+00:00: 136767102.0 Hz
2019-03-05 02:37:50,339 - __main__ - INFO - doppler step at 2019-03-05 02:37:50.334000+00:00: 136767095.0 Hz
2019-03-05 02:38:00,580 - __main__ - INFO - doppler step at 2019-03-05 02:38:00.334000+00:00: 136767089.0 Hz
2019-03-05 02:38:10,821 - __main__ - INFO - doppler step at 2019-03-05 02:38:10.334000+00:00: 136767084.0 Hz
2019-03-05 02:38:21,063 - __main__ - INFO - doppler step at 2019-03-05 02:38:20.334000+00:00: 136767079.0 Hz
2019-03-05 02:38:21,064 - __main__ - INFO - finished recording /usr/smbshare/satstation_recs/NOAA_9_20190305_005505.wav
2019-03-05 02:38:22,176 - __main__ - INFO - svmem(total=1024184320, available=871026688, percent=15.0, used=86638592, free=49463296, active=95166464, inactive=831500288, buffers=22167552, cached=865914880, shared=6975488, slab=34377728)
2019-03-05 02:38:22,177 - __main__ - INFO - reading TLE data from /usr/local/etc/TLE UTC
2019-03-05 02:38:22,477 - __main__ - INFO - now time is 2019-03-05 02:38:22.477000+00:00 UTC
2019-03-05 02:38:22,489 - __main__ - INFO - looking for NOAA 18 [B] passes
2019-03-05 02:38:46,873 - __main__ - INFO - looking for NOAA 15 [B] passes
2019-03-05 02:38:52,311 - __main__ - INFO - looking for NOAA 9 [P] passes
2019-03-05 02:38:57,669 - __main__ - INFO - next pass is of NOAA 9 [P] starting at UTC 2019-03-05 04:03:42.477000+00:00 lasting 900 seconds
2019-03-05 02:38:57,674 - __main__ - INFO - waiting until 2019-03-05 04:03:42.477000+00:00
2019-03-05 04:03:42,477 - __main__ - INFO - starting recording at 2019-03-05 04:03:42.477000+00:00
2019-03-05 04:03:42,481 - __main__ - INFO - recording pass of NOAA 9 [P] starting @ 2019-03-05 04:03:42.477000+00:00
2019-03-05 04:03:42,484 - __main__ - INFO - satellite pass duration: 900 seconds
2019-03-05 04:03:42,486 - __main__ - INFO - maximum elevation: 40.8317847829317 degrees
2019-03-05 04:03:42,488 - __main__ - INFO - f0: 136770.0 kHz
2019-03-05 04:03:43,101 - __main__ - INFO - doppler step at 2019-03-05 04:03:42.477000+00:00: 136772936.0 Hz
2019-03-05 04:03:53,341 - __main__ - INFO - doppler step at 2019-03-05 04:03:52.477000+00:00: 136772932.0 Hz
2019-03-05 04:04:02,482 - __main__ - INFO - doppler step at 2019-03-05 04:04:02.477000+00:00: 136772928.0 Hz
2019-03-05 04:04:12,723 - __main__ - INFO - doppler step at 2019-03-05 04:04:12.477000+00:00: 136772922.0 Hz
2019-03-05 04:04:22,964 - __main__ - INFO - doppler step at 2019-03-05 04:04:22.477000+00:00: 136772916.0 Hz
2019-03-05 04:04:33,205 - __main__ - INFO - doppler step at 2019-03-05 04:04:32.477000+00:00: 136772910.0 Hz
2019-03-05 04:04:43,446 - __main__ - INFO - doppler step at 2019-03-05 04:04:42.477000+00:00: 136772902.0 Hz
2019-03-05 04:04:52,482 - __main__ - INFO - doppler step at 2019-03-05 04:04:52.477000+00:00: 136772894.0 Hz
2019-03-05 04:05:02,723 - __main__ - INFO - doppler step at 2019-03-05 04:05:02.477000+00:00: 136772885.0 Hz
2019-03-05 04:05:12,964 - __main__ - INFO - doppler step at 2019-03-05 04:05:12.477000+00:00: 136772875.0 Hz
2019-03-05 04:05:23,204 - __main__ - INFO - doppler step at 2019-03-05 04:05:22.477000+00:00: 136772864.0 Hz
2019-03-05 04:05:33,446 - __main__ - INFO - doppler step at 2019-03-05 04:05:32.477000+00:00: 136772852.0 Hz
2019-03-05 04:05:42,482 - __main__ - INFO - doppler step at 2019-03-05 04:05:42.477000+00:00: 136772839.0 Hz
2019-03-05 04:05:52,723 - __main__ - INFO - doppler step at 2019-03-05 04:05:52.477000+00:00: 136772825.0 Hz
2019-03-05 04:06:02,963 - __main__ - INFO - doppler step at 2019-03-05 04:06:02.477000+00:00: 136772809.0 Hz
2019-03-05 04:06:13,204 - __main__ - INFO - doppler step at 2019-03-05 04:06:12.477000+00:00: 136772791.0 Hz
2019-03-05 04:06:23,446 - __main__ - INFO - doppler step at 2019-03-05 04:06:22.477000+00:00: 136772773.0 Hz
2019-03-05 04:06:32,482 - __main__ - INFO - doppler step at 2019-03-05 04:06:32.477000+00:00: 136772752.0 Hz
2019-03-05 04:06:42,722 - __main__ - INFO - doppler step at 2019-03-05 04:06:42.477000+00:00: 136772729.0 Hz
2019-03-05 04:06:52,963 - __main__ - INFO - doppler step at 2019-03-05 04:06:52.477000+00:00: 136772705.0 Hz
2019-03-05 04:07:03,204 - __main__ - INFO - doppler step at 2019-03-05 04:07:02.477000+00:00: 136772678.0 Hz
2019-03-05 04:07:13,446 - __main__ - INFO - doppler step at 2019-03-05 04:07:12.477000+00:00: 136772648.0 Hz
2019-03-05 04:07:22,482 - __main__ - INFO - doppler step at 2019-03-05 04:07:22.477000+00:00: 136772616.0 Hz
2019-03-05 04:07:32,722 - __main__ - INFO - doppler step at 2019-03-05 04:07:32.477000+00:00: 136772581.0 Hz
2019-03-05 04:07:42,963 - __main__ - INFO - doppler step at 2019-03-05 04:07:42.477000+00:00: 136772542.0 Hz
2019-03-05 04:07:53,204 - __main__ - INFO - doppler step at 2019-03-05 04:07:52.477000+00:00: 136772500.0 Hz
2019-03-05 04:08:03,445 - __main__ - INFO - doppler step at 2019-03-05 04:08:02.477000+00:00: 136772453.0 Hz
2019-03-05 04:08:12,483 - __main__ - INFO - doppler step at 2019-03-05 04:08:12.477000+00:00: 136772403.0 Hz
2019-03-05 04:08:22,724 - __main__ - INFO - doppler step at 2019-03-05 04:08:22.477000+00:00: 136772347.0 Hz
2019-03-05 04:08:32,965 - __main__ - INFO - doppler step at 2019-03-05 04:08:32.477000+00:00: 136772286.0 Hz
2019-03-05 04:08:43,206 - __main__ - INFO - doppler step at 2019-03-05 04:08:42.477000+00:00: 136772220.0 Hz
2019-03-05 04:08:53,446 - __main__ - INFO - doppler step at 2019-03-05 04:08:52.477000+00:00: 136772147.0 Hz
2019-03-05 04:09:02,482 - __main__ - INFO - doppler step at 2019-03-05 04:09:02.477000+00:00: 136772068.0 Hz
2019-03-05 04:09:12,722 - __main__ - INFO - doppler step at 2019-03-05 04:09:12.477000+00:00: 136771981.0 Hz
2019-03-05 04:09:22,963 - __main__ - INFO - doppler step at 2019-03-05 04:09:22.477000+00:00: 136771886.0 Hz
2019-03-05 04:09:33,204 - __main__ - INFO - doppler step at 2019-03-05 04:09:32.477000+00:00: 136771783.0 Hz
2019-03-05 04:09:43,445 - __main__ - INFO - doppler step at 2019-03-05 04:09:42.477000+00:00: 136771671.0 Hz
2019-03-05 04:09:52,482 - __main__ - INFO - doppler step at 2019-03-05 04:09:52.477000+00:00: 136771550.0 Hz
2019-03-05 04:10:02,722 - __main__ - INFO - doppler step at 2019-03-05 04:10:02.477000+00:00: 136771420.0 Hz
2019-03-05 04:10:12,963 - __main__ - INFO - doppler step at 2019-03-05 04:10:12.477000+00:00: 136771280.0 Hz
2019-03-05 04:10:23,205 - __main__ - INFO - doppler step at 2019-03-05 04:10:22.477000+00:00: 136771131.0 Hz
2019-03-05 04:10:33,445 - __main__ - INFO - doppler step at 2019-03-05 04:10:32.477000+00:00: 136770973.0 Hz
2019-03-05 04:10:42,482 - __main__ - INFO - doppler step at 2019-03-05 04:10:42.477000+00:00: 136770807.0 Hz
2019-03-05 04:10:52,723 - __main__ - INFO - doppler step at 2019-03-05 04:10:52.477000+00:00: 136770634.0 Hz
2019-03-05 04:11:02,964 - __main__ - INFO - doppler step at 2019-03-05 04:11:02.477000+00:00: 136770455.0 Hz
2019-03-05 04:11:13,205 - __main__ - INFO - doppler step at 2019-03-05 04:11:12.477000+00:00: 136770272.0 Hz
2019-03-05 04:11:23,446 - __main__ - INFO - doppler step at 2019-03-05 04:11:22.477000+00:00: 136770085.0 Hz
2019-03-05 04:11:32,482 - __main__ - INFO - doppler step at 2019-03-05 04:11:32.477000+00:00: 136769898.0 Hz
2019-03-05 04:11:42,723 - __main__ - INFO - doppler step at 2019-03-05 04:11:42.477000+00:00: 136769712.0 Hz
2019-03-05 04:11:52,963 - __main__ - INFO - doppler step at 2019-03-05 04:11:52.477000+00:00: 136769529.0 Hz
2019-03-05 04:12:03,205 - __main__ - INFO - doppler step at 2019-03-05 04:12:02.477000+00:00: 136769350.0 Hz
2019-03-05 04:12:13,445 - __main__ - INFO - doppler step at 2019-03-05 04:12:12.477000+00:00: 136769178.0 Hz
2019-03-05 04:12:22,481 - __main__ - INFO - doppler step at 2019-03-05 04:12:22.477000+00:00: 136769013.0 Hz
2019-03-05 04:12:32,722 - __main__ - INFO - doppler step at 2019-03-05 04:12:32.477000+00:00: 136768856.0 Hz
2019-03-05 04:12:42,963 - __main__ - INFO - doppler step at 2019-03-05 04:12:42.477000+00:00: 136768708.0 Hz
2019-03-05 04:12:53,204 - __main__ - INFO - doppler step at 2019-03-05 04:12:52.477000+00:00: 136768569.0 Hz
2019-03-05 04:13:03,444 - __main__ - INFO - doppler step at 2019-03-05 04:13:02.477000+00:00: 136768440.0 Hz
2019-03-05 04:13:12,482 - __main__ - INFO - doppler step at 2019-03-05 04:13:12.477000+00:00: 136768320.0 Hz
2019-03-05 04:13:22,723 - __main__ - INFO - doppler step at 2019-03-05 04:13:22.477000+00:00: 136768209.0 Hz
2019-03-05 04:13:32,965 - __main__ - INFO - doppler step at 2019-03-05 04:13:32.477000+00:00: 136768106.0 Hz
2019-03-05 04:13:43,205 - __main__ - INFO - doppler step at 2019-03-05 04:13:42.477000+00:00: 136768013.0 Hz
2019-03-05 04:13:53,445 - __main__ - INFO - doppler step at 2019-03-05 04:13:52.477000+00:00: 136767926.0 Hz
2019-03-05 04:14:02,482 - __main__ - INFO - doppler step at 2019-03-05 04:14:02.477000+00:00: 136767848.0 Hz
2019-03-05 04:14:12,723 - __main__ - INFO - doppler step at 2019-03-05 04:14:12.477000+00:00: 136767776.0 Hz
2019-03-05 04:14:22,964 - __main__ - INFO - doppler step at 2019-03-05 04:14:22.477000+00:00: 136767710.0 Hz
2019-03-05 04:14:33,205 - __main__ - INFO - doppler step at 2019-03-05 04:14:32.477000+00:00: 136767650.0 Hz
2019-03-05 04:14:43,446 - __main__ - INFO - doppler step at 2019-03-05 04:14:42.477000+00:00: 136767595.0 Hz
2019-03-05 04:14:52,482 - __main__ - INFO - doppler step at 2019-03-05 04:14:52.477000+00:00: 136767544.0 Hz
2019-03-05 04:15:02,723 - __main__ - INFO - doppler step at 2019-03-05 04:15:02.477000+00:00: 136767499.0 Hz
2019-03-05 04:15:12,964 - __main__ - INFO - doppler step at 2019-03-05 04:15:12.477000+00:00: 136767457.0 Hz
2019-03-05 04:15:23,205 - __main__ - INFO - doppler step at 2019-03-05 04:15:22.477000+00:00: 136767419.0 Hz
2019-03-05 04:15:33,446 - __main__ - INFO - doppler step at 2019-03-05 04:15:32.477000+00:00: 136767384.0 Hz
2019-03-05 04:15:42,482 - __main__ - INFO - doppler step at 2019-03-05 04:15:42.477000+00:00: 136767352.0 Hz
2019-03-05 04:15:52,723 - __main__ - INFO - doppler step at 2019-03-05 04:15:52.477000+00:00: 136767323.0 Hz
2019-03-05 04:16:02,964 - __main__ - INFO - doppler step at 2019-03-05 04:16:02.477000+00:00: 136767296.0 Hz
2019-03-05 04:16:13,206 - __main__ - INFO - doppler step at 2019-03-05 04:16:12.477000+00:00: 136767272.0 Hz
2019-03-05 04:16:23,446 - __main__ - INFO - doppler step at 2019-03-05 04:16:22.477000+00:00: 136767249.0 Hz
2019-03-05 04:16:32,482 - __main__ - INFO - doppler step at 2019-03-05 04:16:32.477000+00:00: 136767229.0 Hz
2019-03-05 04:16:42,722 - __main__ - INFO - doppler step at 2019-03-05 04:16:42.477000+00:00: 136767210.0 Hz
2019-03-05 04:16:52,963 - __main__ - INFO - doppler step at 2019-03-05 04:16:52.477000+00:00: 136767193.0 Hz
2019-03-05 04:17:03,205 - __main__ - INFO - doppler step at 2019-03-05 04:17:02.477000+00:00: 136767178.0 Hz
2019-03-05 04:17:13,445 - __main__ - INFO - doppler step at 2019-03-05 04:17:12.477000+00:00: 136767164.0 Hz
2019-03-05 04:17:22,482 - __main__ - INFO - doppler step at 2019-03-05 04:17:22.477000+00:00: 136767151.0 Hz
2019-03-05 04:17:32,722 - __main__ - INFO - doppler step at 2019-03-05 04:17:32.477000+00:00: 136767139.0 Hz
2019-03-05 04:17:42,963 - __main__ - INFO - doppler step at 2019-03-05 04:17:42.477000+00:00: 136767128.0 Hz
2019-03-05 04:17:53,205 - __main__ - INFO - doppler step at 2019-03-05 04:17:52.477000+00:00: 136767118.0 Hz
2019-03-05 04:18:03,445 - __main__ - INFO - doppler step at 2019-03-05 04:18:02.477000+00:00: 136767109.0 Hz
2019-03-05 04:18:12,482 - __main__ - INFO - doppler step at 2019-03-05 04:18:12.477000+00:00: 136767101.0 Hz
2019-03-05 04:18:22,723 - __main__ - INFO - doppler step at 2019-03-05 04:18:22.477000+00:00: 136767094.0 Hz
2019-03-05 04:18:32,964 - __main__ - INFO - doppler step at 2019-03-05 04:18:32.477000+00:00: 136767088.0 Hz
2019-03-05 04:18:43,205 - __main__ - INFO - doppler step at 2019-03-05 04:18:42.477000+00:00: 136767082.0 Hz
2019-03-05 04:18:43,206 - __main__ - INFO - finished recording /usr/smbshare/satstation_recs/NOAA_9_20190305_023857.wav
2019-03-05 04:18:44,456 - __main__ - INFO - svmem(total=1024184320, available=868892672, percent=15.2, used=88354816, free=41783296, active=96182272, inactive=837492736, buffers=22695936, cached=871350272, shared=6975488, slab=35020800)
2019-03-05 04:18:44,456 - __main__ - INFO - reading TLE data from /usr/local/etc/TLE UTC
2019-03-05 04:18:44,758 - __main__ - INFO - now time is 2019-03-05 04:18:44.757000+00:00 UTC
2019-03-05 04:18:44,769 - __main__ - INFO - looking for NOAA 18 [B] passes
2019-03-05 04:19:08,824 - __main__ - INFO - looking for NOAA 15 [B] passes
2019-03-05 04:19:14,043 - __main__ - INFO - looking for NOAA 9 [P] passes
2019-03-05 04:19:19,350 - __main__ - INFO - next pass is of NOAA 9 [P] starting at UTC 2019-03-05 05:44:24.757000+00:00 lasting 710 seconds
2019-03-05 04:19:19,355 - __main__ - INFO - waiting until 2019-03-05 05:44:24.757000+00:00
2019-03-05 05:44:24,757 - __main__ - INFO - starting recording at 2019-03-05 05:44:24.757000+00:00
2019-03-05 05:44:24,760 - __main__ - INFO - recording pass of NOAA 9 [P] starting @ 2019-03-05 05:44:24.757000+00:00
2019-03-05 05:44:24,764 - __main__ - INFO - satellite pass duration: 710 seconds
2019-03-05 05:44:24,766 - __main__ - INFO - maximum elevation: 12.449299615679834 degrees
2019-03-05 05:44:24,768 - __main__ - INFO - f0: 136770.0 kHz
2019-03-05 05:44:25,739 - __main__ - INFO - doppler step at 2019-03-05 05:44:24.757000+00:00: 136772348.0 Hz
2019-03-05 05:44:34,762 - __main__ - INFO - doppler step at 2019-03-05 05:44:34.757000+00:00: 136772323.0 Hz
2019-03-05 05:44:45,003 - __main__ - INFO - doppler step at 2019-03-05 05:44:44.758000+00:00: 136772295.0 Hz
2019-03-05 05:44:55,244 - __main__ - INFO - doppler step at 2019-03-05 05:44:54.757000+00:00: 136772266.0 Hz
2019-03-05 05:45:05,485 - __main__ - INFO - doppler step at 2019-03-05 05:45:04.757000+00:00: 136772236.0 Hz
2019-03-05 05:45:15,726 - __main__ - INFO - doppler step at 2019-03-05 05:45:14.758000+00:00: 136772204.0 Hz
2019-03-05 05:45:24,762 - __main__ - INFO - doppler step at 2019-03-05 05:45:24.757000+00:00: 136772170.0 Hz
2019-03-05 05:45:35,003 - __main__ - INFO - doppler step at 2019-03-05 05:45:34.757000+00:00: 136772134.0 Hz
2019-03-05 05:45:45,244 - __main__ - INFO - doppler step at 2019-03-05 05:45:44.758000+00:00: 136772097.0 Hz
2019-03-05 05:45:55,485 - __main__ - INFO - doppler step at 2019-03-05 05:45:54.757000+00:00: 136772057.0 Hz
2019-03-05 05:46:05,726 - __main__ - INFO - doppler step at 2019-03-05 05:46:04.757000+00:00: 136772016.0 Hz
2019-03-05 05:46:14,762 - __main__ - INFO - doppler step at 2019-03-05 05:46:14.758000+00:00: 136771972.0 Hz
2019-03-05 05:46:25,003 - __main__ - INFO - doppler step at 2019-03-05 05:46:24.757000+00:00: 136771926.0 Hz
2019-03-05 05:46:35,244 - __main__ - INFO - doppler step at 2019-03-05 05:46:34.757000+00:00: 136771878.0 Hz
2019-03-05 05:46:45,485 - __main__ - INFO - doppler step at 2019-03-05 05:46:44.758000+00:00: 136771828.0 Hz
2019-03-05 05:46:55,727 - __main__ - INFO - doppler step at 2019-03-05 05:46:54.757000+00:00: 136771775.0 Hz
2019-03-05 05:47:04,763 - __main__ - INFO - doppler step at 2019-03-05 05:47:04.758000+00:00: 136771720.0 Hz
2019-03-05 05:47:15,004 - __main__ - INFO - doppler step at 2019-03-05 05:47:14.758000+00:00: 136771662.0 Hz
2019-03-05 05:47:25,244 - __main__ - INFO - doppler step at 2019-03-05 05:47:24.757000+00:00: 136771602.0 Hz
2019-03-05 05:47:35,486 - __main__ - INFO - doppler step at 2019-03-05 05:47:34.758000+00:00: 136771539.0 Hz
2019-03-05 05:47:45,727 - __main__ - INFO - doppler step at 2019-03-05 05:47:44.758000+00:00: 136771474.0 Hz
2019-03-05 05:47:54,763 - __main__ - INFO - doppler step at 2019-03-05 05:47:54.757000+00:00: 136771405.0 Hz
2019-03-05 05:48:05,003 - __main__ - INFO - doppler step at 2019-03-05 05:48:04.758000+00:00: 136771335.0 Hz
2019-03-05 05:48:15,244 - __main__ - INFO - doppler step at 2019-03-05 05:48:14.757000+00:00: 136771261.0 Hz
2019-03-05 05:48:25,486 - __main__ - INFO - doppler step at 2019-03-05 05:48:24.757000+00:00: 136771185.0 Hz
2019-03-05 05:48:35,727 - __main__ - INFO - doppler step at 2019-03-05 05:48:34.758000+00:00: 136771107.0 Hz
2019-03-05 05:48:44,762 - __main__ - INFO - doppler step at 2019-03-05 05:48:44.757000+00:00: 136771026.0 Hz
2019-03-05 05:48:55,003 - __main__ - INFO - doppler step at 2019-03-05 05:48:54.757000+00:00: 136770942.0 Hz
2019-03-05 05:49:05,244 - __main__ - INFO - doppler step at 2019-03-05 05:49:04.758000+00:00: 136770857.0 Hz
2019-03-05 05:49:15,485 - __main__ - INFO - doppler step at 2019-03-05 05:49:14.757000+00:00: 136770769.0 Hz
2019-03-05 05:49:25,726 - __main__ - INFO - doppler step at 2019-03-05 05:49:24.757000+00:00: 136770679.0 Hz
2019-03-05 05:49:34,764 - __main__ - INFO - doppler step at 2019-03-05 05:49:34.758000+00:00: 136770588.0 Hz
2019-03-05 05:49:45,005 - __main__ - INFO - doppler step at 2019-03-05 05:49:44.757000+00:00: 136770495.0 Hz
2019-03-05 05:49:55,246 - __main__ - INFO - doppler step at 2019-03-05 05:49:54.757000+00:00: 136770400.0 Hz
2019-03-05 05:50:05,487 - __main__ - INFO - doppler step at 2019-03-05 05:50:04.758000+00:00: 136770305.0 Hz
2019-03-05 05:50:15,728 - __main__ - INFO - doppler step at 2019-03-05 05:50:14.757000+00:00: 136770209.0 Hz
2019-03-05 05:50:24,762 - __main__ - INFO - doppler step at 2019-03-05 05:50:24.757000+00:00: 136770112.0 Hz
2019-03-05 05:50:35,003 - __main__ - INFO - doppler step at 2019-03-05 05:50:34.758000+00:00: 136770014.0 Hz
2019-03-05 05:50:45,244 - __main__ - INFO - doppler step at 2019-03-05 05:50:44.757000+00:00: 136769917.0 Hz
2019-03-05 05:50:55,485 - __main__ - INFO - doppler step at 2019-03-05 05:50:54.758000+00:00: 136769820.0 Hz
2019-03-05 05:51:05,726 - __main__ - INFO - doppler step at 2019-03-05 05:51:04.758000+00:00: 136769724.0 Hz
2019-03-05 05:51:14,762 - __main__ - INFO - doppler step at 2019-03-05 05:51:14.757000+00:00: 136769628.0 Hz
2019-03-05 05:51:25,003 - __main__ - INFO - doppler step at 2019-03-05 05:51:24.758000+00:00: 136769533.0 Hz
2019-03-05 05:51:35,244 - __main__ - INFO - doppler step at 2019-03-05 05:51:34.758000+00:00: 136769440.0 Hz
2019-03-05 05:51:45,486 - __main__ - INFO - doppler step at 2019-03-05 05:51:44.757000+00:00: 136769348.0 Hz
2019-03-05 05:51:55,726 - __main__ - INFO - doppler step at 2019-03-05 05:51:54.758000+00:00: 136769258.0 Hz
2019-03-05 05:52:04,762 - __main__ - INFO - doppler step at 2019-03-05 05:52:04.757000+00:00: 136769170.0 Hz
2019-03-05 05:52:15,003 - __main__ - INFO - doppler step at 2019-03-05 05:52:14.757000+00:00: 136769084.0 Hz
2019-03-05 05:52:25,245 - __main__ - INFO - doppler step at 2019-03-05 05:52:24.758000+00:00: 136769000.0 Hz
2019-03-05 05:52:35,486 - __main__ - INFO - doppler step at 2019-03-05 05:52:34.757000+00:00: 136768919.0 Hz
2019-03-05 05:52:45,727 - __main__ - INFO - doppler step at 2019-03-05 05:52:44.757000+00:00: 136768840.0 Hz
2019-03-05 05:52:54,764 - __main__ - INFO - doppler step at 2019-03-05 05:52:54.758000+00:00: 136768763.0 Hz
2019-03-05 05:53:05,004 - __main__ - INFO - doppler step at 2019-03-05 05:53:04.757000+00:00: 136768690.0 Hz
2019-03-05 05:53:15,245 - __main__ - INFO - doppler step at 2019-03-05 05:53:14.757000+00:00: 136768618.0 Hz
2019-03-05 05:53:25,492 - __main__ - INFO - doppler step at 2019-03-05 05:53:24.758000+00:00: 136768550.0 Hz
2019-03-05 05:53:35,737 - __main__ - INFO - doppler step at 2019-03-05 05:53:34.757000+00:00: 136768484.0 Hz
2019-03-05 05:53:44,762 - __main__ - INFO - doppler step at 2019-03-05 05:53:44.757000+00:00: 136768420.0 Hz
2019-03-05 05:53:55,007 - __main__ - INFO - doppler step at 2019-03-05 05:53:54.758000+00:00: 136768360.0 Hz
2019-03-05 05:54:05,252 - __main__ - INFO - doppler step at 2019-03-05 05:54:04.757000+00:00: 136768302.0 Hz
2019-03-05 05:54:15,498 - __main__ - INFO - doppler step at 2019-03-05 05:54:14.757000+00:00: 136768246.0 Hz
2019-03-05 05:54:25,742 - __main__ - INFO - doppler step at 2019-03-05 05:54:24.758000+00:00: 136768193.0 Hz
2019-03-05 05:54:34,762 - __main__ - INFO - doppler step at 2019-03-05 05:54:34.757000+00:00: 136768142.0 Hz
2019-03-05 05:54:45,007 - __main__ - INFO - doppler step at 2019-03-05 05:54:44.758000+00:00: 136768094.0 Hz
2019-03-05 05:54:55,251 - __main__ - INFO - doppler step at 2019-03-05 05:54:54.758000+00:00: 136768048.0 Hz
2019-03-05 05:55:05,496 - __main__ - INFO - doppler step at 2019-03-05 05:55:04.757000+00:00: 136768004.0 Hz
2019-03-05 05:55:15,740 - __main__ - INFO - doppler step at 2019-03-05 05:55:14.758000+00:00: 136767962.0 Hz
2019-03-05 05:55:24,764 - __main__ - INFO - doppler step at 2019-03-05 05:55:24.758000+00:00: 136767922.0 Hz
2019-03-05 05:55:35,008 - __main__ - INFO - doppler step at 2019-03-05 05:55:34.757000+00:00: 136767884.0 Hz
2019-03-05 05:55:45,252 - __main__ - INFO - doppler step at 2019-03-05 05:55:44.758000+00:00: 136767849.0 Hz
2019-03-05 05:55:55,495 - __main__ - INFO - doppler step at 2019-03-05 05:55:54.757000+00:00: 136767815.0 Hz
2019-03-05 05:56:05,740 - __main__ - INFO - doppler step at 2019-03-05 05:56:04.757000+00:00: 136767782.0 Hz
2019-03-05 05:56:14,762 - __main__ - INFO - doppler step at 2019-03-05 05:56:14.758000+00:00: 136767752.0 Hz
2019-03-05 05:56:14,763 - __main__ - INFO - finished recording /usr/smbshare/satstation_recs/NOAA_9_20190305_041919.wav
2019-03-05 05:56:15,805 - __main__ - INFO - svmem(total=1024184320, available=867131392, percent=15.3, used=90300416, free=95342592, active=92876800, inactive=787595264, buffers=24072192, cached=814469120, shared=6975488, slab=34574336)
2019-03-05 05:56:15,806 - __main__ - INFO - reading TLE data from /usr/local/etc/TLE UTC
2019-03-05 05:56:16,119 - __main__ - INFO - now time is 2019-03-05 05:56:16.118000+00:00 UTC
2019-03-05 05:56:16,130 - __main__ - INFO - looking for NOAA 18 [B] passes
2019-03-05 05:56:40,702 - __main__ - INFO - looking for NOAA 15 [B] passes
2019-03-05 05:56:46,055 - __main__ - INFO - looking for NOAA 9 [P] passes
2019-03-05 05:56:51,280 - __main__ - INFO - next pass is of NOAA 15 [B] starting at UTC 2019-03-05 06:00:46.118000+00:00 lasting 750 seconds
2019-03-05 05:56:51,285 - __main__ - INFO - waiting until 2019-03-05 06:00:46.118000+00:00
2019-03-05 06:00:46,118 - __main__ - INFO - starting recording at 2019-03-05 06:00:46.118000+00:00
2019-03-05 06:00:46,122 - __main__ - INFO - recording pass of NOAA 15 [B] starting @ 2019-03-05 06:00:46.118000+00:00
2019-03-05 06:00:46,126 - __main__ - INFO - satellite pass duration: 750 seconds
2019-03-05 06:00:46,128 - __main__ - INFO - maximum elevation: 14.635797443550645 degrees
2019-03-05 06:00:46,130 - __main__ - INFO - f0: 137000.0 kHz
