2019-01-22 19:43:19,605 - __main__ - INFO - ++++++++++++++++++++++++++++++++++++++++
2019-01-22 19:43:19,606 - __main__ - INFO - running pandas v0.23.4
2019-01-22 19:43:19,606 - __main__ - INFO - running sounddevice v0.3.12
2019-01-22 19:43:19,606 - __main__ - INFO - ++++++++++++++++++++++++++++++++++++++++
2019-01-22 19:43:19,607 - __main__ - INFO - running in directory /usr/local/src/sat_station
2019-01-22 19:43:19,609 - __main__ - WARNING - couldn't find TLE_dir (/usr/local/etc/TLE). Defaulting to /usr/local/src/sat_station 
2019-01-22 19:43:19,610 - __main__ - WARNING - couldn't find TLE_dir (/usr/local/src/sat_station). Defaulting to ./log 
2019-01-22 19:43:19,625 - __main__ - INFO - found FUNcube Dongle V2.0
2019-01-22 19:43:19,772 - __main__ - INFO - reading TLE data from /usr/local/src/sat_station UTC
2019-01-22 19:43:20,078 - __main__ - INFO - now time is 2019-01-22 19:43:20.077000+00:00 UTC
2019-01-22 19:43:20,087 - __main__ - INFO - looking for NOAA 18 [B] passes
2019-01-22 19:43:43,149 - __main__ - INFO - looking for NOAA 15 [B] passes
2019-01-22 19:43:48,358 - __main__ - INFO - looking for NOAA 9 [P] passes
2019-01-22 19:43:53,332 - __main__ - INFO - next pass is of NOAA 15 [B] starting at UTC 2019-01-22 20:03:40.077000+00:00 lasting 760 seconds
2019-01-22 19:43:53,336 - __main__ - INFO - waiting until 2019-01-22 20:03:40.077000+00:00
2019-01-22 20:03:40,080 - __main__ - INFO - starting recording at 2019-01-22 20:03:40.080000+00:00
2019-01-22 20:03:40,083 - __main__ - INFO - recording pass of NOAA 15 [B] starting @ 2019-01-22 20:03:40.077000+00:00
2019-01-22 20:03:40,087 - __main__ - INFO - satellite pass duration: 760 seconds
2019-01-22 20:03:40,089 - __main__ - INFO - maximum elevation: 15.534125642811235 degrees
2019-01-22 20:03:40,091 - __main__ - INFO - f0: 137000.0 kHz
2019-01-22 20:03:40,444 - __main__ - INFO - doppler step at 2019-01-22 20:03:40.077000+00:00: 137002444.0 Hz
2019-01-22 20:03:50,682 - __main__ - INFO - doppler step at 2019-01-22 20:03:50.077000+00:00: 137002422.0 Hz
2019-01-22 20:04:00,920 - __main__ - INFO - doppler step at 2019-01-22 20:04:00.077000+00:00: 137002400.0 Hz
2019-01-22 20:04:10,082 - __main__ - INFO - doppler step at 2019-01-22 20:04:10.077000+00:00: 137002376.0 Hz
2019-01-22 20:04:20,321 - __main__ - INFO - doppler step at 2019-01-22 20:04:20.077000+00:00: 137002350.0 Hz
2019-01-22 20:04:30,560 - __main__ - INFO - doppler step at 2019-01-22 20:04:30.077000+00:00: 137002323.0 Hz
2019-01-22 20:04:40,800 - __main__ - INFO - doppler step at 2019-01-22 20:04:40.077000+00:00: 137002295.0 Hz
2019-01-22 20:04:51,040 - __main__ - INFO - doppler step at 2019-01-22 20:04:50.077000+00:00: 137002265.0 Hz
2019-01-22 20:05:00,082 - __main__ - INFO - doppler step at 2019-01-22 20:05:00.077000+00:00: 137002233.0 Hz
2019-01-22 20:05:10,322 - __main__ - INFO - doppler step at 2019-01-22 20:05:10.077000+00:00: 137002199.0 Hz
2019-01-22 20:05:20,563 - __main__ - INFO - doppler step at 2019-01-22 20:05:20.077000+00:00: 137002163.0 Hz
2019-01-22 20:05:30,804 - __main__ - INFO - doppler step at 2019-01-22 20:05:30.077000+00:00: 137002125.0 Hz
2019-01-22 20:05:41,044 - __main__ - INFO - doppler step at 2019-01-22 20:05:40.077000+00:00: 137002085.0 Hz
2019-01-22 20:05:50,081 - __main__ - INFO - doppler step at 2019-01-22 20:05:50.077000+00:00: 137002042.0 Hz
2019-01-22 20:06:00,322 - __main__ - INFO - doppler step at 2019-01-22 20:06:00.077000+00:00: 137001998.0 Hz
2019-01-22 20:06:10,563 - __main__ - INFO - doppler step at 2019-01-22 20:06:10.077000+00:00: 137001951.0 Hz
2019-01-22 20:06:20,804 - __main__ - INFO - doppler step at 2019-01-22 20:06:20.077000+00:00: 137001901.0 Hz
2019-01-22 20:06:31,044 - __main__ - INFO - doppler step at 2019-01-22 20:06:30.077000+00:00: 137001849.0 Hz
2019-01-22 20:06:40,082 - __main__ - INFO - doppler step at 2019-01-22 20:06:40.077000+00:00: 137001793.0 Hz
2019-01-22 20:06:50,322 - __main__ - INFO - doppler step at 2019-01-22 20:06:50.077000+00:00: 137001735.0 Hz
2019-01-22 20:07:00,563 - __main__ - INFO - doppler step at 2019-01-22 20:07:00.077000+00:00: 137001675.0 Hz
2019-01-22 20:07:10,803 - __main__ - INFO - doppler step at 2019-01-22 20:07:10.077000+00:00: 137001611.0 Hz
2019-01-22 20:07:21,044 - __main__ - INFO - doppler step at 2019-01-22 20:07:20.077000+00:00: 137001544.0 Hz
2019-01-22 20:07:30,084 - __main__ - INFO - doppler step at 2019-01-22 20:07:30.077000+00:00: 137001474.0 Hz
2019-01-22 20:07:40,324 - __main__ - INFO - doppler step at 2019-01-22 20:07:40.077000+00:00: 137001401.0 Hz
2019-01-22 20:07:50,565 - __main__ - INFO - doppler step at 2019-01-22 20:07:50.077000+00:00: 137001324.0 Hz
2019-01-22 20:08:00,805 - __main__ - INFO - doppler step at 2019-01-22 20:08:00.077000+00:00: 137001245.0 Hz
2019-01-22 20:08:11,254 - __main__ - INFO - doppler step at 2019-01-22 20:08:10.077000+00:00: 137001162.0 Hz
2019-01-22 20:08:20,082 - __main__ - INFO - doppler step at 2019-01-22 20:08:20.077000+00:00: 137001077.0 Hz
2019-01-22 20:08:30,322 - __main__ - INFO - doppler step at 2019-01-22 20:08:30.077000+00:00: 137000988.0 Hz
2019-01-22 20:08:40,563 - __main__ - INFO - doppler step at 2019-01-22 20:08:40.077000+00:00: 137000897.0 Hz
2019-01-22 20:08:50,803 - __main__ - INFO - doppler step at 2019-01-22 20:08:50.077000+00:00: 137000803.0 Hz
2019-01-22 20:09:01,043 - __main__ - INFO - doppler step at 2019-01-22 20:09:00.077000+00:00: 137000707.0 Hz
2019-01-22 20:09:10,085 - __main__ - INFO - doppler step at 2019-01-22 20:09:10.077000+00:00: 137000608.0 Hz
2019-01-22 20:09:20,324 - __main__ - INFO - doppler step at 2019-01-22 20:09:20.077000+00:00: 137000508.0 Hz
2019-01-22 20:09:30,565 - __main__ - INFO - doppler step at 2019-01-22 20:09:30.077000+00:00: 137000406.0 Hz
2019-01-22 20:09:40,805 - __main__ - INFO - doppler step at 2019-01-22 20:09:40.077000+00:00: 137000302.0 Hz
2019-01-22 20:09:51,045 - __main__ - INFO - doppler step at 2019-01-22 20:09:50.077000+00:00: 137000198.0 Hz
2019-01-22 20:10:00,083 - __main__ - INFO - doppler step at 2019-01-22 20:10:00.077000+00:00: 137000093.0 Hz
2019-01-22 20:10:10,323 - __main__ - INFO - doppler step at 2019-01-22 20:10:10.077000+00:00: 136999987.0 Hz
2019-01-22 20:10:20,563 - __main__ - INFO - doppler step at 2019-01-22 20:10:20.077000+00:00: 136999882.0 Hz
2019-01-22 20:10:30,802 - __main__ - INFO - doppler step at 2019-01-22 20:10:30.077000+00:00: 136999777.0 Hz
2019-01-22 20:10:41,043 - __main__ - INFO - doppler step at 2019-01-22 20:10:40.077000+00:00: 136999673.0 Hz
2019-01-22 20:10:50,082 - __main__ - INFO - doppler step at 2019-01-22 20:10:50.077000+00:00: 136999570.0 Hz
2019-01-22 20:11:00,322 - __main__ - INFO - doppler step at 2019-01-22 20:11:00.077000+00:00: 136999469.0 Hz
2019-01-22 20:11:10,562 - __main__ - INFO - doppler step at 2019-01-22 20:11:10.077000+00:00: 136999369.0 Hz
2019-01-22 20:11:20,802 - __main__ - INFO - doppler step at 2019-01-22 20:11:20.077000+00:00: 136999272.0 Hz
2019-01-22 20:11:31,042 - __main__ - INFO - doppler step at 2019-01-22 20:11:30.077000+00:00: 136999176.0 Hz
2019-01-22 20:11:41,639 - __main__ - INFO - doppler step at 2019-01-22 20:11:40.077000+00:00: 136999084.0 Hz
2019-01-22 20:11:50,083 - __main__ - INFO - doppler step at 2019-01-22 20:11:50.077000+00:00: 136998994.0 Hz
2019-01-22 20:12:00,323 - __main__ - INFO - doppler step at 2019-01-22 20:12:00.077000+00:00: 136998907.0 Hz
2019-01-22 20:12:10,563 - __main__ - INFO - doppler step at 2019-01-22 20:12:10.077000+00:00: 136998822.0 Hz
2019-01-22 20:12:20,803 - __main__ - INFO - doppler step at 2019-01-22 20:12:20.077000+00:00: 136998741.0 Hz
2019-01-22 20:12:31,044 - __main__ - INFO - doppler step at 2019-01-22 20:12:30.077000+00:00: 136998663.0 Hz
2019-01-22 20:12:40,083 - __main__ - INFO - doppler step at 2019-01-22 20:12:40.077000+00:00: 136998589.0 Hz
2019-01-22 20:12:50,323 - __main__ - INFO - doppler step at 2019-01-22 20:12:50.077000+00:00: 136998517.0 Hz
2019-01-22 20:13:00,563 - __main__ - INFO - doppler step at 2019-01-22 20:13:00.077000+00:00: 136998448.0 Hz
2019-01-22 20:13:10,803 - __main__ - INFO - doppler step at 2019-01-22 20:13:10.077000+00:00: 136998383.0 Hz
2019-01-22 20:13:21,044 - __main__ - INFO - doppler step at 2019-01-22 20:13:20.077000+00:00: 136998321.0 Hz
2019-01-22 20:13:30,083 - __main__ - INFO - doppler step at 2019-01-22 20:13:30.077000+00:00: 136998261.0 Hz
2019-01-22 20:13:40,323 - __main__ - INFO - doppler step at 2019-01-22 20:13:40.077000+00:00: 136998205.0 Hz
2019-01-22 20:13:50,564 - __main__ - INFO - doppler step at 2019-01-22 20:13:50.077000+00:00: 136998151.0 Hz
2019-01-22 20:14:00,804 - __main__ - INFO - doppler step at 2019-01-22 20:14:00.077000+00:00: 136998100.0 Hz
2019-01-22 20:14:11,045 - __main__ - INFO - doppler step at 2019-01-22 20:14:10.077000+00:00: 136998052.0 Hz
2019-01-22 20:14:20,083 - __main__ - INFO - doppler step at 2019-01-22 20:14:20.077000+00:00: 136998006.0 Hz
2019-01-22 20:14:30,323 - __main__ - INFO - doppler step at 2019-01-22 20:14:30.077000+00:00: 136997963.0 Hz
2019-01-22 20:14:40,563 - __main__ - INFO - doppler step at 2019-01-22 20:14:40.077000+00:00: 136997922.0 Hz
2019-01-22 20:14:50,804 - __main__ - INFO - doppler step at 2019-01-22 20:14:50.077000+00:00: 136997883.0 Hz
2019-01-22 20:15:01,044 - __main__ - INFO - doppler step at 2019-01-22 20:15:00.077000+00:00: 136997846.0 Hz
2019-01-22 20:15:10,084 - __main__ - INFO - doppler step at 2019-01-22 20:15:10.077000+00:00: 136997812.0 Hz
2019-01-22 20:15:20,324 - __main__ - INFO - doppler step at 2019-01-22 20:15:20.077000+00:00: 136997779.0 Hz
2019-01-22 20:15:30,564 - __main__ - INFO - doppler step at 2019-01-22 20:15:30.077000+00:00: 136997748.0 Hz
2019-01-22 20:15:40,805 - __main__ - INFO - doppler step at 2019-01-22 20:15:40.077000+00:00: 136997719.0 Hz
2019-01-22 20:15:51,045 - __main__ - INFO - doppler step at 2019-01-22 20:15:50.077000+00:00: 136997692.0 Hz
2019-01-22 20:16:00,083 - __main__ - INFO - doppler step at 2019-01-22 20:16:00.077000+00:00: 136997666.0 Hz
2019-01-22 20:16:10,323 - __main__ - INFO - doppler step at 2019-01-22 20:16:10.077000+00:00: 136997641.0 Hz
2019-01-22 20:16:20,564 - __main__ - INFO - doppler step at 2019-01-22 20:16:20.077000+00:00: 136997619.0 Hz
2019-01-22 20:16:20,836 - __main__ - INFO - finished recording /usr/smbshare/satstation_recs/NOAA_15_20190122_194353.wav
2019-01-22 20:16:22,003 - __main__ - INFO - reading TLE data from /usr/local/src/sat_station UTC
2019-01-22 20:16:22,246 - __main__ - INFO - now time is 2019-01-22 20:16:22.246000+00:00 UTC
2019-01-22 20:16:22,255 - __main__ - INFO - looking for NOAA 18 [B] passes
2019-01-22 20:16:46,710 - __main__ - INFO - looking for NOAA 15 [B] passes
2019-01-22 20:16:52,152 - __main__ - INFO - looking for NOAA 9 [P] passes
2019-01-22 20:16:57,594 - __main__ - INFO - next pass is of NOAA 18 [B] starting at UTC 2019-01-22 20:40:22.246000+00:00 lasting 910 seconds
2019-01-22 20:16:57,599 - __main__ - INFO - waiting until 2019-01-22 20:40:22.246000+00:00
2019-01-22 20:40:22,249 - __main__ - INFO - starting recording at 2019-01-22 20:40:22.249000+00:00
2019-01-22 20:40:22,253 - __main__ - INFO - recording pass of NOAA 18 [B] starting @ 2019-01-22 20:40:22.246000+00:00
2019-01-22 20:40:22,256 - __main__ - INFO - satellite pass duration: 910 seconds
2019-01-22 20:40:22,258 - __main__ - INFO - maximum elevation: 36.81603498890113 degrees
2019-01-22 20:40:22,260 - __main__ - INFO - f0: 137000.0 kHz
2019-01-22 20:40:22,420 - __main__ - INFO - doppler step at 2019-01-22 20:40:22.246000+00:00: 137002857.0 Hz
2019-01-22 20:40:32,663 - __main__ - INFO - doppler step at 2019-01-22 20:40:32.246000+00:00: 137002852.0 Hz
2019-01-22 20:40:42,905 - __main__ - INFO - doppler step at 2019-01-22 20:40:42.246000+00:00: 137002845.0 Hz
2019-01-22 20:40:53,148 - __main__ - INFO - doppler step at 2019-01-22 20:40:52.246000+00:00: 137002838.0 Hz
2019-01-22 20:41:02,251 - __main__ - INFO - doppler step at 2019-01-22 20:41:02.246000+00:00: 137002831.0 Hz
2019-01-22 20:41:12,493 - __main__ - INFO - doppler step at 2019-01-22 20:41:12.246000+00:00: 137002822.0 Hz
2019-01-22 20:41:22,735 - __main__ - INFO - doppler step at 2019-01-22 20:41:22.246000+00:00: 137002813.0 Hz
2019-01-22 20:41:32,977 - __main__ - INFO - doppler step at 2019-01-22 20:41:32.246000+00:00: 137002803.0 Hz
2019-01-22 20:41:43,219 - __main__ - INFO - doppler step at 2019-01-22 20:41:42.246000+00:00: 137002792.0 Hz
2019-01-22 20:41:52,252 - __main__ - INFO - doppler step at 2019-01-22 20:41:52.246000+00:00: 137002780.0 Hz
2019-01-22 20:42:02,494 - __main__ - INFO - doppler step at 2019-01-22 20:42:02.246000+00:00: 137002766.0 Hz
2019-01-22 20:42:12,736 - __main__ - INFO - doppler step at 2019-01-22 20:42:12.246000+00:00: 137002752.0 Hz
2019-01-22 20:42:22,978 - __main__ - INFO - doppler step at 2019-01-22 20:42:22.246000+00:00: 137002737.0 Hz
2019-01-22 20:42:33,220 - __main__ - INFO - doppler step at 2019-01-22 20:42:32.246000+00:00: 137002720.0 Hz
2019-01-22 20:42:42,252 - __main__ - INFO - doppler step at 2019-01-22 20:42:42.246000+00:00: 137002701.0 Hz
2019-01-22 20:42:52,493 - __main__ - INFO - doppler step at 2019-01-22 20:42:52.246000+00:00: 137002681.0 Hz
2019-01-22 20:43:02,735 - __main__ - INFO - doppler step at 2019-01-22 20:43:02.246000+00:00: 137002660.0 Hz
2019-01-22 20:43:12,977 - __main__ - INFO - doppler step at 2019-01-22 20:43:12.246000+00:00: 137002636.0 Hz
2019-01-22 20:43:23,219 - __main__ - INFO - doppler step at 2019-01-22 20:43:22.246000+00:00: 137002611.0 Hz
2019-01-22 20:43:32,252 - __main__ - INFO - doppler step at 2019-01-22 20:43:32.246000+00:00: 137002583.0 Hz
2019-01-22 20:43:42,494 - __main__ - INFO - doppler step at 2019-01-22 20:43:42.246000+00:00: 137002553.0 Hz
2019-01-22 20:43:52,735 - __main__ - INFO - doppler step at 2019-01-22 20:43:52.246000+00:00: 137002520.0 Hz
2019-01-22 20:44:02,977 - __main__ - INFO - doppler step at 2019-01-22 20:44:02.246000+00:00: 137002485.0 Hz
2019-01-22 20:44:13,219 - __main__ - INFO - doppler step at 2019-01-22 20:44:12.246000+00:00: 137002446.0 Hz
2019-01-22 20:44:22,251 - __main__ - INFO - doppler step at 2019-01-22 20:44:22.246000+00:00: 137002404.0 Hz
2019-01-22 20:44:32,493 - __main__ - INFO - doppler step at 2019-01-22 20:44:32.246000+00:00: 137002359.0 Hz
2019-01-22 20:44:42,734 - __main__ - INFO - doppler step at 2019-01-22 20:44:42.246000+00:00: 137002309.0 Hz
2019-01-22 20:44:52,976 - __main__ - INFO - doppler step at 2019-01-22 20:44:52.246000+00:00: 137002256.0 Hz
2019-01-22 20:45:03,217 - __main__ - INFO - doppler step at 2019-01-22 20:45:02.246000+00:00: 137002197.0 Hz
2019-01-22 20:45:12,251 - __main__ - INFO - doppler step at 2019-01-22 20:45:12.246000+00:00: 137002134.0 Hz
2019-01-22 20:45:22,492 - __main__ - INFO - doppler step at 2019-01-22 20:45:22.246000+00:00: 137002065.0 Hz
2019-01-22 20:45:32,733 - __main__ - INFO - doppler step at 2019-01-22 20:45:32.246000+00:00: 137001991.0 Hz
2019-01-22 20:45:42,974 - __main__ - INFO - doppler step at 2019-01-22 20:45:42.246000+00:00: 137001911.0 Hz
2019-01-22 20:45:53,216 - __main__ - INFO - doppler step at 2019-01-22 20:45:52.246000+00:00: 137001824.0 Hz
2019-01-22 20:46:02,252 - __main__ - INFO - doppler step at 2019-01-22 20:46:02.246000+00:00: 137001730.0 Hz
2019-01-22 20:46:12,493 - __main__ - INFO - doppler step at 2019-01-22 20:46:12.246000+00:00: 137001629.0 Hz
2019-01-22 20:46:22,735 - __main__ - INFO - doppler step at 2019-01-22 20:46:22.246000+00:00: 137001520.0 Hz
2019-01-22 20:46:32,976 - __main__ - INFO - doppler step at 2019-01-22 20:46:32.246000+00:00: 137001404.0 Hz
2019-01-22 20:46:43,217 - __main__ - INFO - doppler step at 2019-01-22 20:46:42.246000+00:00: 137001281.0 Hz
2019-01-22 20:46:52,252 - __main__ - INFO - doppler step at 2019-01-22 20:46:52.246000+00:00: 137001150.0 Hz
2019-01-22 20:47:02,492 - __main__ - INFO - doppler step at 2019-01-22 20:47:02.246000+00:00: 137001012.0 Hz
2019-01-22 20:47:12,734 - __main__ - INFO - doppler step at 2019-01-22 20:47:12.246000+00:00: 137000866.0 Hz
2019-01-22 20:47:22,975 - __main__ - INFO - doppler step at 2019-01-22 20:47:22.246000+00:00: 137000715.0 Hz
2019-01-22 20:47:33,216 - __main__ - INFO - doppler step at 2019-01-22 20:47:32.246000+00:00: 137000559.0 Hz
2019-01-22 20:47:42,251 - __main__ - INFO - doppler step at 2019-01-22 20:47:42.246000+00:00: 137000398.0 Hz
2019-01-22 20:47:52,492 - __main__ - INFO - doppler step at 2019-01-22 20:47:52.246000+00:00: 137000233.0 Hz
2019-01-22 20:48:02,733 - __main__ - INFO - doppler step at 2019-01-22 20:48:02.246000+00:00: 137000067.0 Hz
2019-01-22 20:48:12,974 - __main__ - INFO - doppler step at 2019-01-22 20:48:12.246000+00:00: 136999901.0 Hz
2019-01-22 20:48:23,215 - __main__ - INFO - doppler step at 2019-01-22 20:48:22.246000+00:00: 136999735.0 Hz
2019-01-22 20:48:32,252 - __main__ - INFO - doppler step at 2019-01-22 20:48:32.246000+00:00: 136999572.0 Hz
2019-01-22 20:48:42,493 - __main__ - INFO - doppler step at 2019-01-22 20:48:42.246000+00:00: 136999412.0 Hz
2019-01-22 20:48:52,734 - __main__ - INFO - doppler step at 2019-01-22 20:48:52.246000+00:00: 136999256.0 Hz
2019-01-22 20:49:02,976 - __main__ - INFO - doppler step at 2019-01-22 20:49:02.246000+00:00: 136999106.0 Hz
2019-01-22 20:49:13,217 - __main__ - INFO - doppler step at 2019-01-22 20:49:12.246000+00:00: 136998963.0 Hz
2019-01-22 20:49:22,253 - __main__ - INFO - doppler step at 2019-01-22 20:49:22.246000+00:00: 136998826.0 Hz
2019-01-22 20:49:32,494 - __main__ - INFO - doppler step at 2019-01-22 20:49:32.246000+00:00: 136998697.0 Hz
2019-01-22 20:49:42,735 - __main__ - INFO - doppler step at 2019-01-22 20:49:42.246000+00:00: 136998575.0 Hz
2019-01-22 20:49:52,977 - __main__ - INFO - doppler step at 2019-01-22 20:49:52.246000+00:00: 136998461.0 Hz
2019-01-22 20:50:03,218 - __main__ - INFO - doppler step at 2019-01-22 20:50:02.246000+00:00: 136998355.0 Hz
2019-01-22 20:50:12,252 - __main__ - INFO - doppler step at 2019-01-22 20:50:12.246000+00:00: 136998256.0 Hz
2019-01-22 20:50:22,493 - __main__ - INFO - doppler step at 2019-01-22 20:50:22.246000+00:00: 136998163.0 Hz
2019-01-22 20:50:32,734 - __main__ - INFO - doppler step at 2019-01-22 20:50:32.246000+00:00: 136998078.0 Hz
2019-01-22 20:50:42,975 - __main__ - INFO - doppler step at 2019-01-22 20:50:42.246000+00:00: 136997999.0 Hz
2019-01-22 20:50:53,216 - __main__ - INFO - doppler step at 2019-01-22 20:50:52.246000+00:00: 136997927.0 Hz
2019-01-22 20:51:02,251 - __main__ - INFO - doppler step at 2019-01-22 20:51:02.246000+00:00: 136997860.0 Hz
2019-01-22 20:51:12,492 - __main__ - INFO - doppler step at 2019-01-22 20:51:12.246000+00:00: 136997798.0 Hz
2019-01-22 20:51:22,733 - __main__ - INFO - doppler step at 2019-01-22 20:51:22.246000+00:00: 136997741.0 Hz
2019-01-22 20:51:32,975 - __main__ - INFO - doppler step at 2019-01-22 20:51:32.246000+00:00: 136997688.0 Hz
2019-01-22 20:51:43,216 - __main__ - INFO - doppler step at 2019-01-22 20:51:42.246000+00:00: 136997640.0 Hz
2019-01-22 20:51:52,251 - __main__ - INFO - doppler step at 2019-01-22 20:51:52.246000+00:00: 136997596.0 Hz
2019-01-22 20:52:02,492 - __main__ - INFO - doppler step at 2019-01-22 20:52:02.246000+00:00: 136997555.0 Hz
2019-01-22 20:52:12,733 - __main__ - INFO - doppler step at 2019-01-22 20:52:12.246000+00:00: 136997518.0 Hz
2019-01-22 20:52:22,974 - __main__ - INFO - doppler step at 2019-01-22 20:52:22.246000+00:00: 136997483.0 Hz
2019-01-22 20:52:33,217 - __main__ - INFO - doppler step at 2019-01-22 20:52:32.246000+00:00: 136997451.0 Hz
2019-01-22 20:52:42,254 - __main__ - INFO - doppler step at 2019-01-22 20:52:42.246000+00:00: 136997422.0 Hz
2019-01-22 20:52:52,496 - __main__ - INFO - doppler step at 2019-01-22 20:52:52.246000+00:00: 136997395.0 Hz
2019-01-22 20:53:02,738 - __main__ - INFO - doppler step at 2019-01-22 20:53:02.246000+00:00: 136997371.0 Hz
2019-01-22 20:53:12,980 - __main__ - INFO - doppler step at 2019-01-22 20:53:12.246000+00:00: 136997348.0 Hz
2019-01-22 20:53:23,221 - __main__ - INFO - doppler step at 2019-01-22 20:53:22.246000+00:00: 136997327.0 Hz
2019-01-22 20:53:32,252 - __main__ - INFO - doppler step at 2019-01-22 20:53:32.246000+00:00: 136997308.0 Hz
2019-01-22 20:53:42,494 - __main__ - INFO - doppler step at 2019-01-22 20:53:42.246000+00:00: 136997290.0 Hz
2019-01-22 20:53:52,735 - __main__ - INFO - doppler step at 2019-01-22 20:53:52.246000+00:00: 136997274.0 Hz
2019-01-22 20:54:02,977 - __main__ - INFO - doppler step at 2019-01-22 20:54:02.246000+00:00: 136997259.0 Hz
2019-01-22 20:54:13,219 - __main__ - INFO - doppler step at 2019-01-22 20:54:12.246000+00:00: 136997245.0 Hz
2019-01-22 20:54:22,252 - __main__ - INFO - doppler step at 2019-01-22 20:54:22.246000+00:00: 136997232.0 Hz
2019-01-22 20:54:32,756 - __main__ - INFO - doppler step at 2019-01-22 20:54:32.246000+00:00: 136997221.0 Hz
2019-01-22 20:54:42,997 - __main__ - INFO - doppler step at 2019-01-22 20:54:42.246000+00:00: 136997210.0 Hz
2019-01-22 20:54:53,239 - __main__ - INFO - doppler step at 2019-01-22 20:54:52.246000+00:00: 136997201.0 Hz
2019-01-22 20:55:02,252 - __main__ - INFO - doppler step at 2019-01-22 20:55:02.246000+00:00: 136997192.0 Hz
2019-01-22 20:55:12,493 - __main__ - INFO - doppler step at 2019-01-22 20:55:12.246000+00:00: 136997184.0 Hz
2019-01-22 20:55:22,735 - __main__ - INFO - doppler step at 2019-01-22 20:55:22.246000+00:00: 136997177.0 Hz
2019-01-22 20:55:32,977 - __main__ - INFO - doppler step at 2019-01-22 20:55:32.246000+00:00: 136997170.0 Hz
2019-01-22 20:55:33,424 - __main__ - INFO - finished recording /usr/smbshare/satstation_recs/NOAA_18_20190122_201657.wav
2019-01-22 20:55:34,532 - __main__ - INFO - reading TLE data from /usr/local/src/sat_station UTC
2019-01-22 20:55:34,776 - __main__ - INFO - now time is 2019-01-22 20:55:34.776000+00:00 UTC
2019-01-22 20:55:34,786 - __main__ - INFO - looking for NOAA 18 [B] passes
2019-01-22 20:55:59,153 - __main__ - INFO - looking for NOAA 15 [B] passes
2019-01-22 20:56:04,407 - __main__ - INFO - looking for NOAA 9 [P] passes
2019-01-22 20:56:09,765 - __main__ - INFO - next pass is of NOAA 18 [B] starting at UTC 2019-01-22 22:25:14.776000+00:00 lasting 600 seconds
2019-01-22 20:56:09,769 - __main__ - INFO - waiting until 2019-01-22 22:25:14.776000+00:00
2019-01-22 22:16:03,983 - __main__ - INFO - ++++++++++++++++++++++++++++++++++++++++
2019-01-22 22:16:03,983 - __main__ - INFO - running pandas v0.23.4
2019-01-22 22:16:03,983 - __main__ - INFO - running sounddevice v0.3.12
2019-01-22 22:16:03,984 - __main__ - INFO - ++++++++++++++++++++++++++++++++++++++++
2019-01-22 22:16:03,984 - __main__ - INFO - running in directory /usr/local/src/sat_station
2019-01-22 22:16:03,986 - __main__ - WARNING - couldn't find TLE_dir (/usr/local/etc/TLE). Defaulting to /usr/local/src/sat_station 
2019-01-22 22:16:03,987 - __main__ - WARNING - couldn't find TLE_dir (/usr/local/src/sat_station). Defaulting to ./log 
2019-01-22 22:16:04,002 - __main__ - INFO - found FUNcube Dongle V2.0
2019-01-22 22:16:04,311 - __main__ - INFO - reading TLE data from /usr/local/src/sat_station UTC
2019-01-22 22:16:04,555 - __main__ - INFO - now time is 2019-01-22 22:16:04.555000+00:00 UTC
2019-01-22 22:16:04,565 - __main__ - INFO - looking for NOAA 18 [B] passes
2019-01-22 22:16:28,033 - __main__ - INFO - looking for NOAA 15 [B] passes
2019-01-22 22:16:33,087 - __main__ - INFO - looking for NOAA 9 [P] passes
2019-01-22 22:16:38,181 - __main__ - INFO - next pass is of NOAA 18 [B] starting at UTC 2019-01-22 22:25:14.555000+00:00 lasting 600 seconds
2019-01-22 22:16:38,185 - __main__ - INFO - waiting until 2019-01-22 22:25:14.555000+00:00
2019-01-22 22:25:14,558 - __main__ - INFO - starting recording at 2019-01-22 22:25:14.558000+00:00
2019-01-22 22:25:14,562 - __main__ - INFO - recording pass of NOAA 18 [B] starting @ 2019-01-22 22:25:14.555000+00:00
2019-01-22 22:25:14,565 - __main__ - INFO - satellite pass duration: 600 seconds
2019-01-22 22:25:14,567 - __main__ - INFO - maximum elevation: 6.399750803085365 degrees
2019-01-22 22:25:14,569 - __main__ - INFO - f0: 137000.0 kHz
2019-01-22 22:25:15,238 - __main__ - INFO - doppler step at 2019-01-22 22:25:14.555000+00:00: 137001771.0 Hz
2019-01-22 22:25:24,559 - __main__ - INFO - doppler step at 2019-01-22 22:25:24.555000+00:00: 137001735.0 Hz
2019-01-22 22:25:34,556 - __main__ - INFO - doppler step at 2019-01-22 22:25:34.555000+00:00: 137001697.0 Hz
2019-01-22 22:25:44,562 - __main__ - INFO - doppler step at 2019-01-22 22:25:44.555000+00:00: 137001659.0 Hz
2019-01-22 22:25:54,556 - __main__ - INFO - doppler step at 2019-01-22 22:25:54.555000+00:00: 137001619.0 Hz
2019-01-22 22:26:04,558 - __main__ - INFO - doppler step at 2019-01-22 22:26:04.555000+00:00: 137001577.0 Hz
2019-01-22 22:26:14,560 - __main__ - INFO - doppler step at 2019-01-22 22:26:14.555000+00:00: 137001534.0 Hz
2019-01-22 22:26:24,559 - __main__ - INFO - doppler step at 2019-01-22 22:26:24.555000+00:00: 137001489.0 Hz
2019-01-22 22:26:34,557 - __main__ - INFO - doppler step at 2019-01-22 22:26:34.555000+00:00: 137001443.0 Hz
2019-01-22 22:26:44,556 - __main__ - INFO - doppler step at 2019-01-22 22:26:44.555000+00:00: 137001396.0 Hz
2019-01-22 22:26:54,558 - __main__ - INFO - doppler step at 2019-01-22 22:26:54.555000+00:00: 137001347.0 Hz
2019-01-22 22:27:04,556 - __main__ - INFO - doppler step at 2019-01-22 22:27:04.555000+00:00: 137001296.0 Hz
2019-01-22 22:27:14,559 - __main__ - INFO - doppler step at 2019-01-22 22:27:14.555000+00:00: 137001244.0 Hz
2019-01-22 22:27:24,557 - __main__ - INFO - doppler step at 2019-01-22 22:27:24.555000+00:00: 137001190.0 Hz
2019-01-22 22:27:34,556 - __main__ - INFO - doppler step at 2019-01-22 22:27:34.555000+00:00: 137001135.0 Hz
2019-01-22 22:27:44,556 - __main__ - INFO - doppler step at 2019-01-22 22:27:44.555000+00:00: 137001079.0 Hz
2019-01-22 22:27:54,556 - __main__ - INFO - doppler step at 2019-01-22 22:27:54.555000+00:00: 137001021.0 Hz
2019-01-22 22:28:04,559 - __main__ - INFO - doppler step at 2019-01-22 22:28:04.555000+00:00: 137000961.0 Hz
2019-01-22 22:28:14,557 - __main__ - INFO - doppler step at 2019-01-22 22:28:14.555000+00:00: 137000901.0 Hz
2019-01-22 22:28:24,561 - __main__ - INFO - doppler step at 2019-01-22 22:28:24.555000+00:00: 137000839.0 Hz
2019-01-22 22:28:34,561 - __main__ - INFO - doppler step at 2019-01-22 22:28:34.555000+00:00: 137000775.0 Hz
2019-01-22 22:28:44,556 - __main__ - INFO - doppler step at 2019-01-22 22:28:44.555000+00:00: 137000711.0 Hz
2019-01-22 22:28:54,559 - __main__ - INFO - doppler step at 2019-01-22 22:28:54.555000+00:00: 137000645.0 Hz
2019-01-22 22:29:04,557 - __main__ - INFO - doppler step at 2019-01-22 22:29:04.555000+00:00: 137000579.0 Hz
2019-01-22 22:29:14,560 - __main__ - INFO - doppler step at 2019-01-22 22:29:14.555000+00:00: 137000511.0 Hz
2019-01-22 22:29:24,561 - __main__ - INFO - doppler step at 2019-01-22 22:29:24.555000+00:00: 137000443.0 Hz
2019-01-22 22:29:34,558 - __main__ - INFO - doppler step at 2019-01-22 22:29:34.555000+00:00: 137000374.0 Hz
2019-01-22 22:29:44,557 - __main__ - INFO - doppler step at 2019-01-22 22:29:44.555000+00:00: 137000305.0 Hz
2019-01-22 22:29:54,558 - __main__ - INFO - doppler step at 2019-01-22 22:29:54.555000+00:00: 137000234.0 Hz
2019-01-22 22:30:04,560 - __main__ - INFO - doppler step at 2019-01-22 22:30:04.555000+00:00: 137000164.0 Hz
2019-01-22 22:30:14,560 - __main__ - INFO - doppler step at 2019-01-22 22:30:14.555000+00:00: 137000093.0 Hz
2019-01-22 22:30:24,557 - __main__ - INFO - doppler step at 2019-01-22 22:30:24.555000+00:00: 137000022.0 Hz
2019-01-22 22:30:34,556 - __main__ - INFO - doppler step at 2019-01-22 22:30:34.555000+00:00: 136999951.0 Hz
2019-01-22 22:30:44,557 - __main__ - INFO - doppler step at 2019-01-22 22:30:44.555000+00:00: 136999881.0 Hz
2019-01-22 22:30:54,556 - __main__ - INFO - doppler step at 2019-01-22 22:30:54.555000+00:00: 136999810.0 Hz
2019-01-22 22:31:04,560 - __main__ - INFO - doppler step at 2019-01-22 22:31:04.555000+00:00: 136999740.0 Hz
2019-01-22 22:31:14,561 - __main__ - INFO - doppler step at 2019-01-22 22:31:14.555000+00:00: 136999670.0 Hz
2019-01-22 22:31:24,556 - __main__ - INFO - doppler step at 2019-01-22 22:31:24.555000+00:00: 136999601.0 Hz
2019-01-22 22:31:34,560 - __main__ - INFO - doppler step at 2019-01-22 22:31:34.555000+00:00: 136999533.0 Hz
2019-01-22 22:31:44,561 - __main__ - INFO - doppler step at 2019-01-22 22:31:44.555000+00:00: 136999465.0 Hz
2019-01-22 22:31:54,557 - __main__ - INFO - doppler step at 2019-01-22 22:31:54.555000+00:00: 136999399.0 Hz
2019-01-22 22:32:04,557 - __main__ - INFO - doppler step at 2019-01-22 22:32:04.555000+00:00: 136999333.0 Hz
2019-01-22 22:32:14,556 - __main__ - INFO - doppler step at 2019-01-22 22:32:14.555000+00:00: 136999268.0 Hz
2019-01-22 22:32:24,558 - __main__ - INFO - doppler step at 2019-01-22 22:32:24.555000+00:00: 136999205.0 Hz
2019-01-22 22:32:34,560 - __main__ - INFO - doppler step at 2019-01-22 22:32:34.555000+00:00: 136999143.0 Hz
2019-01-22 22:32:44,560 - __main__ - INFO - doppler step at 2019-01-22 22:32:44.555000+00:00: 136999082.0 Hz
2019-01-22 22:32:54,559 - __main__ - INFO - doppler step at 2019-01-22 22:32:54.555000+00:00: 136999022.0 Hz
2019-01-22 22:33:04,558 - __main__ - INFO - doppler step at 2019-01-22 22:33:04.555000+00:00: 136998964.0 Hz
2019-01-22 22:33:14,558 - __main__ - INFO - doppler step at 2019-01-22 22:33:14.555000+00:00: 136998907.0 Hz
2019-01-22 22:33:24,556 - __main__ - INFO - doppler step at 2019-01-22 22:33:24.555000+00:00: 136998852.0 Hz
2019-01-22 22:33:34,557 - __main__ - INFO - doppler step at 2019-01-22 22:33:34.555000+00:00: 136998798.0 Hz
2019-01-22 22:33:44,556 - __main__ - INFO - doppler step at 2019-01-22 22:33:44.555000+00:00: 136998746.0 Hz
2019-01-22 22:33:54,559 - __main__ - INFO - doppler step at 2019-01-22 22:33:54.555000+00:00: 136998695.0 Hz
2019-01-22 22:34:04,560 - __main__ - INFO - doppler step at 2019-01-22 22:34:04.555000+00:00: 136998646.0 Hz
2019-01-22 22:34:14,557 - __main__ - INFO - doppler step at 2019-01-22 22:34:14.555000+00:00: 136998599.0 Hz
2019-01-22 22:34:24,558 - __main__ - INFO - doppler step at 2019-01-22 22:34:24.555000+00:00: 136998553.0 Hz
2019-01-22 22:34:34,557 - __main__ - INFO - doppler step at 2019-01-22 22:34:34.555000+00:00: 136998508.0 Hz
2019-01-22 22:34:44,556 - __main__ - INFO - doppler step at 2019-01-22 22:34:44.555000+00:00: 136998465.0 Hz
2019-01-22 22:34:54,558 - __main__ - INFO - doppler step at 2019-01-22 22:34:54.555000+00:00: 136998423.0 Hz
2019-01-22 22:35:04,560 - __main__ - INFO - doppler step at 2019-01-22 22:35:04.555000+00:00: 136998383.0 Hz
2019-01-22 22:35:14,559 - __main__ - INFO - doppler step at 2019-01-22 22:35:14.555000+00:00: 136998344.0 Hz
2019-01-22 22:35:15,170 - __main__ - INFO - finished recording /usr/smbshare/satstation_recs/NOAA_18_20190122_221638.wav
2019-01-22 22:35:16,278 - __main__ - INFO - reading TLE data from /usr/local/src/sat_station UTC
2019-01-22 22:35:16,522 - __main__ - INFO - now time is 2019-01-22 22:35:16.522000+00:00 UTC
2019-01-22 22:35:16,531 - __main__ - INFO - looking for NOAA 18 [B] passes
2019-01-22 22:36:36,031 - __main__ - INFO - looking for NOAA 15 [B] passes
2019-01-22 22:36:41,421 - __main__ - INFO - looking for NOAA 9 [P] passes
2019-01-22 22:36:47,006 - __main__ - INFO - next pass is of NOAA 9 [P] starting at UTC 2019-01-23 01:09:06.522000+00:00 lasting 770 seconds
2019-01-22 22:36:47,025 - __main__ - INFO - waiting until 2019-01-23 01:09:06.522000+00:00
2019-01-23 01:09:06,525 - __main__ - INFO - starting recording at 2019-01-23 01:09:06.525000+00:00
2019-01-23 01:09:06,536 - __main__ - INFO - recording pass of NOAA 9 [P] starting @ 2019-01-23 01:09:06.522000+00:00
2019-01-23 01:09:06,556 - __main__ - INFO - satellite pass duration: 770 seconds
2019-01-23 01:09:06,578 - __main__ - INFO - maximum elevation: 14.919177356037194 degrees
2019-01-23 01:09:06,580 - __main__ - INFO - f0: 136770.0 kHz
2019-01-23 01:09:07,279 - __main__ - INFO - doppler step at 2019-01-23 01:09:06.522000+00:00: 136772393.0 Hz
2019-01-23 01:09:16,523 - __main__ - INFO - doppler step at 2019-01-23 01:09:16.522000+00:00: 136772373.0 Hz
2019-01-23 01:09:26,565 - __main__ - INFO - doppler step at 2019-01-23 01:09:26.522000+00:00: 136772352.0 Hz
2019-01-23 01:09:36,565 - __main__ - INFO - doppler step at 2019-01-23 01:09:36.522000+00:00: 136772330.0 Hz
2019-01-23 01:09:46,528 - __main__ - INFO - doppler step at 2019-01-23 01:09:46.522000+00:00: 136772306.0 Hz
2019-01-23 01:09:56,525 - __main__ - INFO - doppler step at 2019-01-23 01:09:56.522000+00:00: 136772281.0 Hz
2019-01-23 01:10:06,527 - __main__ - INFO - doppler step at 2019-01-23 01:10:06.522000+00:00: 136772254.0 Hz
2019-01-23 01:10:16,523 - __main__ - INFO - doppler step at 2019-01-23 01:10:16.522000+00:00: 136772226.0 Hz
2019-01-23 01:10:26,524 - __main__ - INFO - doppler step at 2019-01-23 01:10:26.522000+00:00: 136772196.0 Hz
2019-01-23 01:10:36,528 - __main__ - INFO - doppler step at 2019-01-23 01:10:36.522000+00:00: 136772165.0 Hz
2019-01-23 01:10:46,531 - __main__ - INFO - doppler step at 2019-01-23 01:10:46.522000+00:00: 136772132.0 Hz
2019-01-23 01:10:56,527 - __main__ - INFO - doppler step at 2019-01-23 01:10:56.522000+00:00: 136772097.0 Hz
2019-01-23 01:11:06,525 - __main__ - INFO - doppler step at 2019-01-23 01:11:06.522000+00:00: 136772060.0 Hz
2019-01-23 01:11:16,526 - __main__ - INFO - doppler step at 2019-01-23 01:11:16.522000+00:00: 136772020.0 Hz
2019-01-23 01:11:26,526 - __main__ - INFO - doppler step at 2019-01-23 01:11:26.522000+00:00: 136771979.0 Hz
2019-01-23 01:11:36,524 - __main__ - INFO - doppler step at 2019-01-23 01:11:36.522000+00:00: 136771936.0 Hz
2019-01-23 01:11:46,525 - __main__ - INFO - doppler step at 2019-01-23 01:11:46.522000+00:00: 136771890.0 Hz
2019-01-23 01:11:56,524 - __main__ - INFO - doppler step at 2019-01-23 01:11:56.522000+00:00: 136771842.0 Hz
2019-01-23 01:12:06,524 - __main__ - INFO - doppler step at 2019-01-23 01:12:06.522000+00:00: 136771791.0 Hz
2019-01-23 01:12:16,523 - __main__ - INFO - doppler step at 2019-01-23 01:12:16.522000+00:00: 136771738.0 Hz
2019-01-23 01:12:26,525 - __main__ - INFO - doppler step at 2019-01-23 01:12:26.522000+00:00: 136771682.0 Hz
2019-01-23 01:12:36,525 - __main__ - INFO - doppler step at 2019-01-23 01:12:36.522000+00:00: 136771623.0 Hz
2019-01-23 01:12:46,527 - __main__ - INFO - doppler step at 2019-01-23 01:12:46.522000+00:00: 136771562.0 Hz
2019-01-23 01:12:56,526 - __main__ - INFO - doppler step at 2019-01-23 01:12:56.522000+00:00: 136771497.0 Hz
2019-01-23 01:13:06,527 - __main__ - INFO - doppler step at 2019-01-23 01:13:06.522000+00:00: 136771430.0 Hz
2019-01-23 01:13:16,523 - __main__ - INFO - doppler step at 2019-01-23 01:13:16.522000+00:00: 136771360.0 Hz
2019-01-23 01:13:26,527 - __main__ - INFO - doppler step at 2019-01-23 01:13:26.522000+00:00: 136771287.0 Hz
2019-01-23 01:13:36,528 - __main__ - INFO - doppler step at 2019-01-23 01:13:36.522000+00:00: 136771212.0 Hz
2019-01-23 01:13:46,525 - __main__ - INFO - doppler step at 2019-01-23 01:13:46.522000+00:00: 136771133.0 Hz
2019-01-23 01:13:56,523 - __main__ - INFO - doppler step at 2019-01-23 01:13:56.522000+00:00: 136771052.0 Hz
2019-01-23 01:14:06,525 - __main__ - INFO - doppler step at 2019-01-23 01:14:06.522000+00:00: 136770968.0 Hz
2019-01-23 01:14:16,527 - __main__ - INFO - doppler step at 2019-01-23 01:14:16.522000+00:00: 136770881.0 Hz
2019-01-23 01:14:26,527 - __main__ - INFO - doppler step at 2019-01-23 01:14:26.522000+00:00: 136770792.0 Hz
2019-01-23 01:14:36,526 - __main__ - INFO - doppler step at 2019-01-23 01:14:36.522000+00:00: 136770701.0 Hz
2019-01-23 01:14:46,527 - __main__ - INFO - doppler step at 2019-01-23 01:14:46.522000+00:00: 136770608.0 Hz
2019-01-23 01:14:56,525 - __main__ - INFO - doppler step at 2019-01-23 01:14:56.522000+00:00: 136770512.0 Hz
2019-01-23 01:15:06,523 - __main__ - INFO - doppler step at 2019-01-23 01:15:06.522000+00:00: 136770416.0 Hz
2019-01-23 01:15:16,526 - __main__ - INFO - doppler step at 2019-01-23 01:15:16.522000+00:00: 136770318.0 Hz
2019-01-23 01:15:26,528 - __main__ - INFO - doppler step at 2019-01-23 01:15:26.522000+00:00: 136770218.0 Hz
2019-01-23 01:15:36,526 - __main__ - INFO - doppler step at 2019-01-23 01:15:36.522000+00:00: 136770119.0 Hz
2019-01-23 01:15:47,293 - __main__ - INFO - doppler step at 2019-01-23 01:15:46.522000+00:00: 136770018.0 Hz
2019-01-23 01:15:56,525 - __main__ - INFO - doppler step at 2019-01-23 01:15:56.522000+00:00: 136769918.0 Hz
2019-01-23 01:16:06,526 - __main__ - INFO - doppler step at 2019-01-23 01:16:06.522000+00:00: 136769818.0 Hz
2019-01-23 01:16:16,525 - __main__ - INFO - doppler step at 2019-01-23 01:16:16.522000+00:00: 136769718.0 Hz
2019-01-23 01:16:26,524 - __main__ - INFO - doppler step at 2019-01-23 01:16:26.522000+00:00: 136769620.0 Hz
2019-01-23 01:16:36,528 - __main__ - INFO - doppler step at 2019-01-23 01:16:36.522000+00:00: 136769522.0 Hz
2019-01-23 01:16:46,527 - __main__ - INFO - doppler step at 2019-01-23 01:16:46.522000+00:00: 136769426.0 Hz
2019-01-23 01:16:56,524 - __main__ - INFO - doppler step at 2019-01-23 01:16:56.522000+00:00: 136769332.0 Hz
2019-01-23 01:17:06,524 - __main__ - INFO - doppler step at 2019-01-23 01:17:06.522000+00:00: 136769239.0 Hz
2019-01-23 01:17:16,524 - __main__ - INFO - doppler step at 2019-01-23 01:17:16.522000+00:00: 136769149.0 Hz
2019-01-23 01:17:26,522 - __main__ - INFO - doppler step at 2019-01-23 01:17:26.522000+00:00: 136769061.0 Hz
2019-01-23 01:17:36,526 - __main__ - INFO - doppler step at 2019-01-23 01:17:36.522000+00:00: 136768975.0 Hz
2019-01-23 01:17:46,525 - __main__ - INFO - doppler step at 2019-01-23 01:17:46.522000+00:00: 136768892.0 Hz
2019-01-23 01:17:56,526 - __main__ - INFO - doppler step at 2019-01-23 01:17:56.522000+00:00: 136768812.0 Hz
2019-01-23 01:18:06,524 - __main__ - INFO - doppler step at 2019-01-23 01:18:06.522000+00:00: 136768735.0 Hz
2019-01-23 01:18:16,526 - __main__ - INFO - doppler step at 2019-01-23 01:18:16.522000+00:00: 136768660.0 Hz
2019-01-23 01:18:26,523 - __main__ - INFO - doppler step at 2019-01-23 01:18:26.522000+00:00: 136768589.0 Hz
2019-01-23 01:18:36,527 - __main__ - INFO - doppler step at 2019-01-23 01:18:36.522000+00:00: 136768520.0 Hz
2019-01-23 01:18:46,523 - __main__ - INFO - doppler step at 2019-01-23 01:18:46.522000+00:00: 136768454.0 Hz
2019-01-23 01:18:56,526 - __main__ - INFO - doppler step at 2019-01-23 01:18:56.522000+00:00: 136768391.0 Hz
2019-01-23 01:19:06,524 - __main__ - INFO - doppler step at 2019-01-23 01:19:06.522000+00:00: 136768331.0 Hz
2019-01-23 01:19:16,524 - __main__ - INFO - doppler step at 2019-01-23 01:19:16.522000+00:00: 136768273.0 Hz
2019-01-23 01:19:26,524 - __main__ - INFO - doppler step at 2019-01-23 01:19:26.522000+00:00: 136768218.0 Hz
2019-01-23 01:19:36,523 - __main__ - INFO - doppler step at 2019-01-23 01:19:36.522000+00:00: 136768166.0 Hz
2019-01-23 01:19:46,526 - __main__ - INFO - doppler step at 2019-01-23 01:19:46.522000+00:00: 136768116.0 Hz
2019-01-23 01:19:56,526 - __main__ - INFO - doppler step at 2019-01-23 01:19:56.522000+00:00: 136768069.0 Hz
2019-01-23 01:20:06,524 - __main__ - INFO - doppler step at 2019-01-23 01:20:06.522000+00:00: 136768024.0 Hz
2019-01-23 01:20:16,526 - __main__ - INFO - doppler step at 2019-01-23 01:20:16.522000+00:00: 136767981.0 Hz
2019-01-23 01:20:26,526 - __main__ - INFO - doppler step at 2019-01-23 01:20:26.522000+00:00: 136767940.0 Hz
2019-01-23 01:20:36,525 - __main__ - INFO - doppler step at 2019-01-23 01:20:36.522000+00:00: 136767902.0 Hz
2019-01-23 01:20:46,525 - __main__ - INFO - doppler step at 2019-01-23 01:20:46.522000+00:00: 136767865.0 Hz
2019-01-23 01:20:56,525 - __main__ - INFO - doppler step at 2019-01-23 01:20:56.522000+00:00: 136767831.0 Hz
2019-01-23 01:21:06,524 - __main__ - INFO - doppler step at 2019-01-23 01:21:06.522000+00:00: 136767798.0 Hz
2019-01-23 01:21:16,523 - __main__ - INFO - doppler step at 2019-01-23 01:21:16.522000+00:00: 136767767.0 Hz
2019-01-23 01:21:26,599 - __main__ - INFO - doppler step at 2019-01-23 01:21:26.522000+00:00: 136767738.0 Hz
2019-01-23 01:21:36,525 - __main__ - INFO - doppler step at 2019-01-23 01:21:36.522000+00:00: 136767710.0 Hz
2019-01-23 01:21:46,527 - __main__ - INFO - doppler step at 2019-01-23 01:21:46.522000+00:00: 136767684.0 Hz
2019-01-23 01:21:56,527 - __main__ - INFO - doppler step at 2019-01-23 01:21:56.522000+00:00: 136767659.0 Hz
2019-01-23 01:21:57,205 - __main__ - INFO - finished recording /usr/smbshare/satstation_recs/NOAA_9_20190122_223647.wav
2019-01-23 01:21:59,331 - __main__ - INFO - reading TLE data from /usr/local/src/sat_station UTC
2019-01-23 01:21:59,606 - __main__ - INFO - now time is 2019-01-23 01:21:59.606000+00:00 UTC
2019-01-23 01:21:59,617 - __main__ - INFO - looking for NOAA 18 [B] passes
2019-01-23 01:24:58,215 - __main__ - INFO - looking for NOAA 15 [B] passes
2019-01-23 01:25:03,596 - __main__ - INFO - looking for NOAA 9 [P] passes
